10:42:39 **** Auto Build of project ethernet_tutorial_bsp ****
make -k all 
"Running Make include in microblaze_0/libsrc/axidma_v9_3/src"
make -C microblaze_0/libsrc/axidma_v9_3/src -s include  "SHELL=CMD" "COMPILER=mb-gcc" "ARCHIVER=mb-ar" "COMPILER_FLAGS= -O2 -c -mcpu=v10.0 -mlittle-endian -mxl-soft-mul" "EXTRA_COMPILER_FLAGS=-ffunction-sections -fdata-sections -Wall -Wextra"
"Running Make include in microblaze_0/libsrc/axiethernet_v5_5/src"
make -C microblaze_0/libsrc/axiethernet_v5_5/src -s include  "SHELL=CMD" "COMPILER=mb-gcc" "ARCHIVER=mb-ar" "COMPILER_FLAGS= -O2 -c -mcpu=v10.0 -mlittle-endian -mxl-soft-mul" "EXTRA_COMPILER_FLAGS=-ffunction-sections -fdata-sections -Wall -Wextra"
"Running Make include in microblaze_0/libsrc/bram_v4_1/src"
make -C microblaze_0/libsrc/bram_v4_1/src -s include  "SHELL=CMD" "COMPILER=mb-gcc" "ARCHIVER=mb-ar" "COMPILER_FLAGS= -O2 -c -mcpu=v10.0 -mlittle-endian -mxl-soft-mul" "EXTRA_COMPILER_FLAGS=-ffunction-sections -fdata-sections -Wall -Wextra"
"Running Make include in microblaze_0/libsrc/cpu_v2_6/src"
make -C microblaze_0/libsrc/cpu_v2_6/src -s include  "SHELL=CMD" "COMPILER=mb-gcc" "ARCHIVER=mb-ar" "COMPILER_FLAGS= -O2 -c -mcpu=v10.0 -mlittle-endian -mxl-soft-mul" "EXTRA_COMPILER_FLAGS=-ffunction-sections -fdata-sections -Wall -Wextra"
"Running Make include in microblaze_0/libsrc/intc_v3_6/src"
make -C microblaze_0/libsrc/intc_v3_6/src -s include  "SHELL=CMD" "COMPILER=mb-gcc" "ARCHIVER=mb-ar" "COMPILER_FLAGS= -O2 -c -mcpu=v10.0 -mlittle-endian -mxl-soft-mul" "EXTRA_COMPILER_FLAGS=-ffunction-sections -fdata-sections -Wall -Wextra"
"Running Make include in microblaze_0/libsrc/lwip141_v1_8/src"
make -C microblaze_0/libsrc/lwip141_v1_8/src -s include  "SHELL=CMD" "COMPILER=mb-gcc" "ARCHIVER=mb-ar" "COMPILER_FLAGS= -O2 -c -mcpu=v10.0 -mlittle-endian -mxl-soft-mul" "EXTRA_COMPILER_FLAGS=-ffunction-sections -fdata-sections -Wall -Wextra"
"Running Make include in microblaze_0/libsrc/standalone_v6_3/src"
make -C microblaze_0/libsrc/standalone_v6_3/src -s include  "SHELL=CMD" "COMPILER=mb-gcc" "ARCHIVER=mb-ar" "COMPILER_FLAGS= -O2 -c -mcpu=v10.0 -mlittle-endian -mxl-soft-mul" "EXTRA_COMPILER_FLAGS=-ffunction-sections -fdata-sections -Wall -Wextra"
"Running Make include in microblaze_0/libsrc/tmrctr_v4_3/src"
make -C microblaze_0/libsrc/tmrctr_v4_3/src -s include  "SHELL=CMD" "COMPILER=mb-gcc" "ARCHIVER=mb-ar" "COMPILER_FLAGS= -O2 -c -mcpu=v10.0 -mlittle-endian -mxl-soft-mul" "EXTRA_COMPILER_FLAGS=-ffunction-sections -fdata-sections -Wall -Wextra"
"Running Make include in microblaze_0/libsrc/uartlite_v3_2/src"
make -C microblaze_0/libsrc/uartlite_v3_2/src -s include  "SHELL=CMD" "COMPILER=mb-gcc" "ARCHIVER=mb-ar" "COMPILER_FLAGS= -O2 -c -mcpu=v10.0 -mlittle-endian -mxl-soft-mul" "EXTRA_COMPILER_FLAGS=-ffunction-sections -fdata-sections -Wall -Wextra"
"Running Make libs in microblaze_0/libsrc/axidma_v9_3/src"
make -C microblaze_0/libsrc/axidma_v9_3/src -s libs  "SHELL=CMD" "COMPILER=mb-gcc" "ARCHIVER=mb-ar" "COMPILER_FLAGS= -O2 -c -mcpu=v10.0 -mlittle-endian -mxl-soft-mul" "EXTRA_COMPILER_FLAGS=-ffunction-sections -fdata-sections -Wall -Wextra"
"Compiling axidma"
mb-ar: creating ../../../lib/libxil.a
"Running Make libs in microblaze_0/libsrc/axiethernet_v5_5/src"
make -C microblaze_0/libsrc/axiethernet_v5_5/src -s libs  "SHELL=CMD" "COMPILER=mb-gcc" "ARCHIVER=mb-ar" "COMPILER_FLAGS= -O2 -c -mcpu=v10.0 -mlittle-endian -mxl-soft-mul" "EXTRA_COMPILER_FLAGS=-ffunction-sections -fdata-sections -Wall -Wextra"
"Compiling axiethernet"
"Running Make libs in microblaze_0/libsrc/bram_v4_1/src"
make -C microblaze_0/libsrc/bram_v4_1/src -s libs  "SHELL=CMD" "COMPILER=mb-gcc" "ARCHIVER=mb-ar" "COMPILER_FLAGS= -O2 -c -mcpu=v10.0 -mlittle-endian -mxl-soft-mul" "EXTRA_COMPILER_FLAGS=-ffunction-sections -fdata-sections -Wall -Wextra"
"Compiling bram"
"Running Make libs in microblaze_0/libsrc/cpu_v2_6/src"
make -C microblaze_0/libsrc/cpu_v2_6/src -s libs  "SHELL=CMD" "COMPILER=mb-gcc" "ARCHIVER=mb-ar" "COMPILER_FLAGS= -O2 -c -mcpu=v10.0 -mlittle-endian -mxl-soft-mul" "EXTRA_COMPILER_FLAGS=-ffunction-sections -fdata-sections -Wall -Wextra"
"Compiling cpu"
"Running Make libs in microblaze_0/libsrc/intc_v3_6/src"
make -C microblaze_0/libsrc/intc_v3_6/src -s libs  "SHELL=CMD" "COMPILER=mb-gcc" "ARCHIVER=mb-ar" "COMPILER_FLAGS= -O2 -c -mcpu=v10.0 -mlittle-endian -mxl-soft-mul" "EXTRA_COMPILER_FLAGS=-ffunction-sections -fdata-sections -Wall -Wextra"
"Compiling intc"
"Running Make libs in microblaze_0/libsrc/lwip141_v1_8/src"
make -C microblaze_0/libsrc/lwip141_v1_8/src -s libs  "SHELL=CMD" "COMPILER=mb-gcc" "ARCHIVER=mb-ar" "COMPILER_FLAGS= -O2 -c -mcpu=v10.0 -mlittle-endian -mxl-soft-mul" "EXTRA_COMPILER_FLAGS=-ffunction-sections -fdata-sections -Wall -Wextra"
"Compiling lwip src and adapter files"
In file included from ../../../include/lwip/ip.h:39:0,
                 from lwip-1.4.1/src/core/ipv4/ip.c:42:
lwip-1.4.1/src/core/ipv4/ip.c: In function 'ip_input':
../../../include/lwip/ip_addr.h:200:39: warning: the comparison will always evaluate as 'false' for the address of 'current_iphdr_src' will never be NULL [-Waddress]
 #define ip_addr_isany(addr1) ((addr1) == NULL || (addr1)->addr == IPADDR_ANY)
                                       ^
lwip-1.4.1/src/core/ipv4/ip.c:473:24: note: in expansion of macro 'ip_addr_isany'
   if (check_ip_src && !ip_addr_isany(&current_iphdr_src))
                        ^~~~~~~~~~~~~
In file included from ../../../include/lwip/netif.h:41:0,
                 from ../../../include/lwip/udp.h:40,
                 from lwip-1.4.1/src/core/dhcp.c:75:
lwip-1.4.1/src/core/dhcp.c: In function 'dhcp_bind':
../../../include/lwip/ip_addr.h:200:39: warning: the comparison will always evaluate as 'false' for the address of 'gw_addr' will never be NULL [-Waddress]
 #define ip_addr_isany(addr1) ((addr1) == NULL || (addr1)->addr == IPADDR_ANY)
                                       ^
lwip-1.4.1/src/core/dhcp.c:987:7: note: in expansion of macro 'ip_addr_isany'
   if (ip_addr_isany(&gw_addr)) {
       ^~~~~~~~~~~~~
contrib/ports/xilinx/netif/xaxiemacif_physpeed.c: In function 'get_phy_negotiated_speed':
contrib/ports/xilinx/netif/xaxiemacif_physpeed.c:254:6: warning: unused variable 'temp' [-Wunused-variable]
  u16 temp;
      ^~~~
contrib/ports/xilinx/netif/xaxiemacif_physpeed.c:253:6: warning: unused variable 'TimeOut' [-Wunused-variable]
  int TimeOut;
      ^~~~~~~
contrib/ports/xilinx/netif/xaxiemacif_physpeed.c:247:6: warning: unused variable 'phy_val' [-Wunused-variable]
  u16 phy_val;
      ^~~~~~~
contrib/ports/xilinx/netif/xaxiemacif_physpeed.c: In function 'get_phy_speed_TI_DP83867':
contrib/ports/xilinx/netif/xaxiemacif_physpeed.c:388:6: warning: unused variable 'partner_capabilities' [-Wunused-variable]
  u16 partner_capabilities;
      ^~~~~~~~~~~~~~~~~~~~
contrib/ports/xilinx/netif/xaxiemacif_physpeed.c:387:6: warning: unused variable 'status' [-Wunused-variable]
  u16 status;
      ^~~~~~
contrib/ports/xilinx/netif/xaxiemacif_physpeed.c: In function 'get_phy_speed_TI_DP83867_SGMII':
contrib/ports/xilinx/netif/xaxiemacif_physpeed.c:424:6: warning: unused variable 'partner_capabilities' [-Wunused-variable]
  u16 partner_capabilities;
      ^~~~~~~~~~~~~~~~~~~~
contrib/ports/xilinx/netif/xaxiemacif_physpeed.c:423:6: warning: unused variable 'temp1' [-Wunused-variable]
  u16 temp1;
      ^~~~~
contrib/ports/xilinx/netif/xaxiemacif_physpeed.c:420:6: warning: unused variable 'phy_val' [-Wunused-variable]
  u16 phy_val;
      ^~~~~~~
contrib/ports/xilinx/netif/xaxiemacif_physpeed.c: In function 'get_phy_speed_88E1111':
contrib/ports/xilinx/netif/xaxiemacif_physpeed.c:561:6: warning: unused variable 'status' [-Wunused-variable]
  u16 status;
      ^~~~~~
contrib/ports/xilinx/netif/xaxiemacif_physpeed.c: In function 'get_IEEE_phy_speed':
contrib/ports/xilinx/netif/xaxiemacif_physpeed.c:643:1: warning: control reaches end of non-void function [-Wreturn-type]
 }
 ^
contrib/ports/xilinx/netif/xaxiemacif_dma.c: In function 'axidma_send_handler':
contrib/ports/xilinx/netif/xaxiemacif_dma.c:269:16: warning: variable 'xaxiemac' set but not used [-Wunused-but-set-variable]
  XAxiEthernet *xaxiemac;
                ^~~~~~~~
contrib/ports/xilinx/netif/xaxiemacif_dma.c:268:22: warning: variable 'xtopologyp' set but not used [-Wunused-but-set-variable]
  struct xtopology_t *xtopologyp;
                      ^~~~~~~~~~
contrib/ports/xilinx/netif/xaxiemacif_dma.c: In function 'setup_rx_bds':
contrib/ports/xilinx/netif/xaxiemacif_dma.c:370:227: warning: suggest braces around empty body in an 'else' statement [-Wempty-body]
     LWIP_DEBUGF(NETIF_DEBUG, ("set of BDs was rejected because the first BD did not have its start-of-packet bit set, or the last BD did not have its end-of-packet bit set, or any one of the BD set has 0 as length value\r\n"));
                                                                                                                                                                                                                                   ^
contrib/ports/xilinx/netif/xaxiemacif_dma.c:315:15: warning: unused variable 'i' [-Wunused-variable]
  s32_t n_bds, i;
               ^
contrib/ports/xilinx/netif/xaxiemacif_dma.c: In function 'axidma_recv_handler':
contrib/ports/xilinx/netif/xaxiemacif_dma.c:439:33: warning: comparison between signed and unsigned integer expressions [-Wsign-compare]
   for (i = 0, rxbd = rxbdset; i < bd_processed; i++) {
                                 ^
contrib/ports/xilinx/netif/xaxiemacif_dma.c:387:16: warning: variable 'xaxiemac' set but not used [-Wunused-but-set-variable]
  XAxiEthernet *xaxiemac;
                ^~~~~~~~
contrib/ports/xilinx/netif/xaxiemacif_dma.c:386:22: warning: variable 'xtopologyp' set but not used [-Wunused-but-set-variable]
  struct xtopology_t *xtopologyp;
                      ^~~~~~~~~~
contrib/ports/xilinx/netif/xaxiemacif_dma.c: In function 'process_sent_bds':
contrib/ports/xilinx/netif/xaxiemacif_dma.c:503:10: warning: unused variable 'status' [-Wunused-variable]
  XStatus status;
          ^~~~~~
At top level:
contrib/ports/xilinx/netif/xaxiemacif_dma.c:148:13: warning: 'bd_csum_set' defined but not used [-Wunused-function]
 static void bd_csum_set(XAxiDma_Bd *bd, u16_t tx_csbegin, u16_t tx_csinsert,
             ^~~~~~~~~~~
contrib/ports/xilinx/netif/xaxiemacif_dma.c:141:13: warning: 'bd_fullcsum_enable' defined but not used [-Wunused-function]
 static void bd_fullcsum_enable(XAxiDma_Bd *bd)
             ^~~~~~~~~~~~~~~~~~
contrib/ports/xilinx/netif/xaxiemacif_dma.c:134:13: warning: 'bd_fullcsum_disable' defined but not used [-Wunused-function]
 static void bd_fullcsum_disable(XAxiDma_Bd *bd)
             ^~~~~~~~~~~~~~~~~~~
contrib/ports/xilinx/netif/xaxiemacif_dma.c:127:13: warning: 'bd_csum_disable' defined but not used [-Wunused-function]
 static void bd_csum_disable(XAxiDma_Bd *bd)
             ^~~~~~~~~~~~~~~
"Running Make libs in microblaze_0/libsrc/standalone_v6_3/src"
make -C microblaze_0/libsrc/standalone_v6_3/src -s libs  "SHELL=CMD" "COMPILER=mb-gcc" "ARCHIVER=mb-ar" "COMPILER_FLAGS= -O2 -c -mcpu=v10.0 -mlittle-endian -mxl-soft-mul" "EXTRA_COMPILER_FLAGS=-ffunction-sections -fdata-sections -Wall -Wextra"
"Compiling standalone";
"Running Make libs in microblaze_0/libsrc/tmrctr_v4_3/src"
make -C microblaze_0/libsrc/tmrctr_v4_3/src -s libs  "SHELL=CMD" "COMPILER=mb-gcc" "ARCHIVER=mb-ar" "COMPILER_FLAGS= -O2 -c -mcpu=v10.0 -mlittle-endian -mxl-soft-mul" "EXTRA_COMPILER_FLAGS=-ffunction-sections -fdata-sections -Wall -Wextra"
"Compiling tmrctr"
"Running Make libs in microblaze_0/libsrc/uartlite_v3_2/src"
make -C microblaze_0/libsrc/uartlite_v3_2/src -s libs  "SHELL=CMD" "COMPILER=mb-gcc" "ARCHIVER=mb-ar" "COMPILER_FLAGS= -O2 -c -mcpu=v10.0 -mlittle-endian -mxl-soft-mul" "EXTRA_COMPILER_FLAGS=-ffunction-sections -fdata-sections -Wall -Wextra"
"Compiling uartlite"
'Finished building libraries'

10:44:33 Build Finished (took 1m:54s.218ms)

