MIG: 22:11:45 : xml_input_file: board.prj
MIG: 22:11:46 : Absolute path of xml_input_file: c:/Xilinx/ECE532/ethernet_tutorial/ethernet_tutorial.srcs/sources_1/bd/design_1/ip/design_1_mig_7series_0_0/board.prj
MIG: 22:11:46 : xml_input_file: board.prj
MIG: 22:11:46 : Absolute path of xml_input_file: c:/Xilinx/ECE532/ethernet_tutorial/ethernet_tutorial.srcs/sources_1/bd/design_1/ip/design_1_mig_7series_0_0/board.prj
MIG: 22:11:46 : In updateAllModelParams
MIG: 22:11:46 : ################# RUNNING MIG BATCH ###################
MIG: 22:11:46 : Writing IN file for 'design_1_mig_7series_0_0'...compDirPath: c:/Xilinx/Vivado/2017.2/data/ip/xilinx/mig_7series_v4_0... instDirPath: c:/Xilinx/ECE532/ethernet_tutorial/ethernet_tutorial.srcs/sources_1/bd/design_1/ip/design_1_mig_7series_0_0
MIG: 22:11:46 : synp_flow:  -- synthesis_mode: Other
MIG: 22:11:46 : outputDirectory: c:/Xilinx/ECE532/ethernet_tutorial/ethernet_tutorial.srcs/sources_1/bd/design_1/ip/design_1_mig_7series_0_0/_tmp/
MIG: 22:11:46 : vivado_mode: xpg_bd
MIG: 22:11:46 : isPortInterface: 0
MIG: 22:11:46 : isPortInterface: 0
MIG: 22:11:46 : isPortInterface: 0
MIG: 22:11:46 : isPortInterface: 0
MIG: 22:11:46 : isPortInterface: 0
MIG: 22:11:46 : isPortInterface: 0
MIG: 22:11:46 : isPortInterface: 0
MIG: 22:11:46 : isPortInterface: 0
MIG: 22:11:46 : isPortInterface: 0
MIG: 22:11:46 : isPortInterface: 0
MIG: 22:11:46 : isPortInterface: 0
MIG: 22:11:46 : isPortInterface: 0
MIG: 22:11:46 : isPortInterface: 0
MIG: 22:11:46 : isPortInterface: 0
MIG: 22:11:46 : isPortInterface: 0
MIG: 22:11:46 : isPortInterface: 0
MIG: 22:11:46 : isPortInterface: 0
MIG: 22:11:46 : isPortInterface: 0
MIG: 22:11:46 : isPortInterface: 0
MIG: 22:11:46 : isPortInterface: 0
MIG: 22:11:46 : isPortInterface: 0
MIG: 22:11:46 : isPortInterface: 0
MIG: 22:11:46 : isPortInterface: 0
MIG: 22:11:46 : isPortInterface: 0
MIG: 22:11:46 : isPortInterface: 0
MIG: 22:11:46 : isPortInterface: 0
MIG: 22:11:46 : isPortInterface: 0
MIG: 22:11:46 : isPortInterface: 0
MIG: 22:11:46 : isPortInterface: 0
MIG: 22:11:46 : isPortInterface: 0
MIG: 22:11:46 : isPortInterface: 0
MIG: 22:11:46 : isPortInterface: 0
MIG: 22:11:46 : isPortInterface: 0
MIG: 22:11:46 : isPortInterface: 0
MIG: 22:11:46 : isPortInterface: 0
MIG: 22:11:46 : isPortInterface: 0
MIG: 22:11:46 : isPortInterface: 0
MIG: 22:11:46 : isPortInterface: 0
MIG: 22:11:46 : isPortInterface: 0
MIG: 22:11:46 : isPortInterface: 0
MIG: 22:11:46 : isPortInterface: 0
MIG: 22:11:46 : isPortInterface: 0
MIG: 22:11:46 : isPortInterface: 0
MIG: 22:11:46 : isPortInterface: 0
MIG: 22:11:46 : isPortInterface: 0
MIG: 22:11:46 : isPortInterface: 0
MIG: 22:11:46 : isPortInterface: 0
MIG: 22:11:46 : isPortInterface: 0
MIG: 22:11:46 : isPortInterface: 0
MIG: 22:11:46 : isPortInterface: 0
MIG: 22:11:46 : isPortInterface: 0
MIG: 22:11:46 : isPortInterface: 0
MIG: 22:11:46 : isPortInterface: 0
MIG: 22:11:46 : isPortInterface: 0
MIG: 22:11:46 : isPortInterface: 0
MIG: 22:11:46 : isPortInterface: 0
MIG: 22:11:46 : isPortInterface: 0
MIG: 22:11:46 : isPortInterface: 0
MIG: 22:11:46 : isPortInterface: 0
MIG: 22:11:46 : isPortInterface: 0
MIG: 22:11:46 : isPortInterface: 0
MIG: 22:11:46 : isPortInterface: 0
MIG: 22:11:46 : isPortInterface: 0
MIG: 22:11:46 : isPortInterface: 0
MIG: 22:11:46 : isPortInterface: 0
MIG: 22:11:46 : isPortInterface: 0
MIG: 22:11:46 : isPortInterface: 0
MIG: 22:11:46 : isPortInterface: 0
MIG: 22:11:46 : isPortInterface: 0
MIG: 22:11:46 : isPortInterface: 0
MIG: 22:11:46 : isPortInterface: 0
MIG: 22:11:46 : isPortInterface: 0
MIG: 22:11:46 : isPortInterface: 0
MIG: 22:11:46 : isPortInterface: 0
MIG: 22:11:46 : isPortInterface: 0
MIG: 22:11:46 : isPortInterface: 0
MIG: 22:11:46 : isPortInterface: 0
MIG: 22:11:46 : isPortInterface: 0
MIG: 22:11:46 : isPortInterface: 0
MIG: 22:11:46 : isPortInterface: 0
MIG: 22:11:46 : isPortInterface: 0
MIG: 22:11:46 : isPortInterface: 0
MIG: 22:11:46 : isPortInterface: 0
MIG: 22:11:46 : isPortInterface: 0
MIG: 22:11:46 : isPortInterface: 0
MIG: 22:11:46 : isPortInterface: 0
MIG: 22:11:46 : isPortInterface: 0
MIG: 22:11:46 : isPortInterface: 0
MIG: 22:11:46 : isPortInterface: 0
MIG: 22:11:46 : isPortInterface: 0
MIG: 22:11:46 : isPortInterface: 0
MIG: 22:11:46 : isPortInterface: 0
MIG: 22:11:46 : isPortInterface: 0
MIG: 22:11:46 : isPortInterface: 0
MIG: 22:11:46 : isPortInterface: 0
MIG: 22:11:46 : isPortInterface: 0
MIG: 22:11:46 : isPortInterface: 0
MIG: 22:11:46 : isPortInterface: 0
MIG: 22:11:46 : isPortInterface: 0
MIG: 22:11:46 : isPortInterface: 0
MIG: 22:11:46 : isPortInterface: 0
MIG: 22:11:46 : isPortInterface: 0
MIG: 22:11:46 : isPortInterface: 0
MIG: 22:11:46 : isPortInterface: 0
MIG: 22:11:46 : isPortInterface: 0
MIG: 22:11:46 : isPortInterface: 0
MIG: 22:11:46 : isPortInterface: 0
MIG: 22:11:46 : isPortInterface: 0
MIG: 22:11:46 : isPortInterface: 0
MIG: 22:11:46 : isPortInterface: 0
MIG: 22:11:46 : isPortInterface: 0
MIG: 22:11:46 : isPortInterface: 0
MIG: 22:11:46 : isPortInterface: 0
MIG: 22:11:46 : isPortInterface: 0
MIG: 22:11:46 : isPortInterface: 0
MIG: 22:11:46 : isPortInterface: 0
MIG: 22:11:46 : isPortInterface: 0
MIG: 22:11:46 : isPortInterface: 0
MIG: 22:11:46 : isPortInterface: 0
MIG: 22:11:46 : isPortInterface: 0
MIG: 22:11:46 : isPortInterface: 0
MIG: 22:11:46 : isPortInterface: 0
MIG: 22:11:46 : isPortInterface: 1
MIG: 22:11:46 : isPortInterface: 0
MIG: 22:11:46 : isPortInterface: 0
MIG: 22:11:46 : isPortInterface: 0
MIG: 22:11:46 : isPortInterface: 0
MIG: 22:11:46 : isPortInterface: 0
MIG: 22:11:46 : isPortInterface: 0
MIG: 22:11:46 : isPortInterface: 0
MIG: 22:11:46 : isPortInterface: 0
MIG: 22:11:46 : isPortInterface: 0
MIG: 22:11:46 : isPortInterface: 0
MIG: 22:11:46 :  locked false  
MIG: 22:11:46 : HDL Language: Verilog
MIG: 22:11:46 : compInfo: true
MIG: 22:11:47 : Vivado Options xc7a200t sbg484 -1
MIG: 22:11:47 : 1: xc7a200t 2: sbg484 3: -1
MIG: 22:11:47 : relative mig path: coregen/ip/xilinx/other/com/xilinx/ip/mig_7series_v4_0/bin/nt64/mig.exe
MIG: 22:11:47 : xilinx_path: C:/Xilinx/Vivado/2017.2/ids_lite/ISE
MIG: 22:11:47 : I am in catch area
MIG: 22:11:47 : Running C:/Xilinx/Vivado/2017.2/ids_lite/ISE/coregen/ip/xilinx/other/com/xilinx/ip/mig_7series_v4_0/bin/nt64/mig.exe -cg_exc_inp c:/Xilinx/ECE532/ethernet_tutorial/ethernet_tutorial.srcs/sources_1/bd/design_1/ip/design_1_mig_7series_0_0/xil_txt.in -cg_exc_out c:/Xilinx/ECE532/ethernet_tutorial/ethernet_tutorial.srcs/sources_1/bd/design_1/ip/design_1_mig_7series_0_0/xil_txt.out ... 
MIG: 22:12:13 : XML_INPUT_FILE: c:/Xilinx/ECE532/ethernet_tutorial/ethernet_tutorial.srcs/sources_1/bd/design_1/ip/design_1_mig_7series_0_0/board.prj
MIG: 22:12:13 : Component_Name: design_1_mig_7series_0_0
MIG: 22:12:13 : Moving design_1_mig_7series_0_0 ...
MIG: 22:12:13 : Moving design_1_mig_7series_0_0.veo ...
MIG: 22:12:13 : Moving design_1_mig_7series_0_0_xmdf.tcl ...
MIG: 22:12:13 : XGUI hdlLanguage: Verilog
MIG: 22:12:13 : xgui vivado_mode: xpg_bd
MIG: 22:12:13 : xgui hdlLanguage: Verilog -- hdlExt: v
MIG: 22:12:13 : Reading C:/Xilinx/ECE532/ethernet_tutorial/ethernet_tutorial.srcs/sources_1/bd/design_1/ip/design_1_mig_7series_0_0/design_1_mig_7series_0_0/user_design/rtl/design_1_mig_7series_0_0_mig.v ...
MIG: 22:12:14 : 1
MIG: 22:12:14 : Inside fn mem: DDR3
MIG: 22:12:14 : detect_uiclk: 100000000
MIG: 22:12:14 : cntrl:  memtype: DDR3
MIG: 22:12:14 : 800
MIG: 22:12:14 :  MMCM_VCO single ctrl param_name: MMCM_VCO --  possibleMaxVcoVal: 800 
MIG: 22:12:14 : 
MIG: 22:12:14 : 1
MIG: 22:12:14 : 100000000
MIG: 22:12:14 : 
MIG: 22:12:14 :  polarity_value: 1
MIG: 22:12:14 : 
MIG: 22:12:14 : 
MIG: 22:12:14 : cntrl:  memtype: DDR3
MIG: 22:12:14 : 
MIG: 22:12:14 :  Valid Param: DDR3_BANK_WIDTH ==> 3
MIG: 22:12:14 : 
MIG: 22:12:14 :  Valid Param: DDR3_CK_WIDTH ==> 1
MIG: 22:12:14 :  Invalid Param: DDR3_COL_WIDTH ==> 10
MIG: 22:12:14 : 
MIG: 22:12:14 :  Valid Param: DDR3_CS_WIDTH ==> 1
MIG: 22:12:14 : 
MIG: 22:12:14 :  Valid Param: DDR3_nCS_PER_RANK ==> 1
MIG: 22:12:14 : 
MIG: 22:12:14 :  Valid Param: DDR3_CKE_WIDTH ==> 1
MIG: 22:12:14 :  Invalid Param: DDR3_DATA_BUF_ADDR_WIDTH ==> 5
MIG: 22:12:14 :  Invalid Param: DDR3_DQ_CNT_WIDTH ==> 4
MIG: 22:12:14 :  Invalid Param: DDR3_DQ_PER_DM ==> 8
MIG: 22:12:14 : 2
MIG: 22:12:14 :  Valid Param: DDR3_DM_WIDTH ==> 2
MIG: 22:12:14 : 16
MIG: 22:12:14 :  Valid Param: DDR3_DQ_WIDTH ==> 16
MIG: 22:12:14 : 2
MIG: 22:12:14 :  Valid Param: DDR3_DQS_WIDTH ==> 2
MIG: 22:12:14 : 
MIG: 22:12:14 :  Valid Param: DDR3_DQS_CNT_WIDTH ==> 1
MIG: 22:12:14 :  Invalid Param: DDR3_DRAM_WIDTH ==> 8
MIG: 22:12:14 : 
MIG: 22:12:14 :  Valid Param: ECC ==> OFF
MIG: 22:12:14 : 16
MIG: 22:12:14 :  Valid Param: DDR3_DATA_WIDTH ==> 16
MIG: 22:12:14 :  Invalid Param: ECC_TEST ==> "OFF"
MIG: 22:12:14 :  Invalid Param: DDR3_PAYLOAD_WIDTH ==> (ECC_TEST == "OFF") ? DATA_WIDTH : DQ_WIDTH
MIG: 22:12:14 :  Invalid Param: DDR3_MEM_ADDR_ORDER ==> "BANK_ROW_COLUMN"
MIG: 22:12:14 :  Invalid Param: DDR3_nBANK_MACHS ==> 4
MIG: 22:12:14 :  Invalid Param: DDR3_RANKS ==> 1
MIG: 22:12:14 : 
MIG: 22:12:14 :  Valid Param: DDR3_ODT_WIDTH ==> 1
MIG: 22:12:14 : 15
MIG: 22:12:14 :  Valid Param: DDR3_ROW_WIDTH ==> 15
MIG: 22:12:14 : 29
MIG: 22:12:14 :  Valid Param: DDR3_ADDR_WIDTH ==> 29
MIG: 22:12:14 : 0
MIG: 22:12:14 :  Valid Param: DDR3_USE_CS_PORT ==> 0
MIG: 22:12:14 : 
MIG: 22:12:14 :  Valid Param: DDR3_USE_DM_PORT ==> 1
MIG: 22:12:14 : 
MIG: 22:12:14 :  Valid Param: DDR3_USE_ODT_PORT ==> 1
MIG: 22:12:14 :  Invalid Param: DDR3_IS_CLK_SHARED ==> "FALSE"
MIG: 22:12:14 :  Invalid Param: DDR3_PHY_CONTROL_MASTER_BANK ==> 0
MIG: 22:12:14 :  Invalid Param: DDR3_MEM_DENSITY ==> "4Gb"
MIG: 22:12:14 :  Invalid Param: DDR3_MEM_SPEEDGRADE ==> "125"
MIG: 22:12:14 :  Invalid Param: DDR3_MEM_DEVICE_WIDTH ==> 16
MIG: 22:12:14 :  Invalid Param: DDR3_AL ==> "0"
MIG: 22:12:14 :  Invalid Param: DDR3_nAL ==> 0
MIG: 22:12:14 :  Invalid Param: DDR3_BURST_MODE ==> "8"
MIG: 22:12:14 :  Invalid Param: DDR3_BURST_TYPE ==> "SEQ"
MIG: 22:12:14 :  Invalid Param: DDR3_CL ==> 6
MIG: 22:12:14 :  Invalid Param: DDR3_CWL ==> 5
MIG: 22:12:14 :  Invalid Param: DDR3_OUTPUT_DRV ==> "HIGH"
MIG: 22:12:14 :  Invalid Param: DDR3_RTT_NOM ==> "40"
MIG: 22:12:14 :  Invalid Param: DDR3_RTT_WR ==> "OFF"
MIG: 22:12:14 :  Invalid Param: DDR3_ADDR_CMD_MODE ==> "1T"
MIG: 22:12:14 : 
MIG: 22:12:14 :  Valid Param: DDR3_REG_CTRL ==> OFF
MIG: 22:12:14 :  Invalid Param: DDR3_CA_MIRROR ==> "OFF"
MIG: 22:12:14 :  Invalid Param: DDR3_VDD_OP_VOLT ==> "150"
MIG: 22:12:14 :  Invalid Param: DDR3_CLKIN_PERIOD ==> 5000
MIG: 22:12:14 :  Invalid Param: DDR3_CLKFBOUT_MULT ==> 4
MIG: 22:12:14 :  Invalid Param: DDR3_DIVCLK_DIVIDE ==> 1
MIG: 22:12:14 :  Invalid Param: DDR3_CLKOUT0_PHASE ==> 0.0
MIG: 22:12:14 :  Invalid Param: DDR3_CLKOUT0_DIVIDE ==> 1
MIG: 22:12:14 :  Invalid Param: DDR3_CLKOUT1_DIVIDE ==> 2
MIG: 22:12:14 :  Invalid Param: DDR3_CLKOUT2_DIVIDE ==> 32
MIG: 22:12:14 :  Invalid Param: DDR3_CLKOUT3_DIVIDE ==> 8
MIG: 22:12:14 :  Invalid Param: DDR3_MMCM_VCO ==> 800
MIG: 22:12:14 :  Invalid Param: DDR3_MMCM_MULT_F ==> 8
MIG: 22:12:14 :  Invalid Param: DDR3_MMCM_DIVCLK_DIVIDE ==> 1
MIG: 22:12:14 :  Invalid Param: DDR3_tCKE ==> 5000
MIG: 22:12:14 :  Invalid Param: DDR3_tFAW ==> 40000
MIG: 22:12:14 :  Invalid Param: DDR3_tPRDI ==> 1_000_000
MIG: 22:12:14 :  Invalid Param: DDR3_tRAS ==> 35000
MIG: 22:12:14 :  Invalid Param: DDR3_tRCD ==> 13750
MIG: 22:12:14 :  Invalid Param: DDR3_tREFI ==> 7800000
MIG: 22:12:14 :  Invalid Param: DDR3_tRFC ==> 260000
MIG: 22:12:14 :  Invalid Param: DDR3_tRP ==> 13750
MIG: 22:12:14 :  Invalid Param: DDR3_tRRD ==> 7500
MIG: 22:12:14 :  Invalid Param: DDR3_tRTP ==> 7500
MIG: 22:12:14 :  Invalid Param: DDR3_tWTR ==> 7500
MIG: 22:12:14 :  Invalid Param: DDR3_tZQI ==> 128_000_000
MIG: 22:12:14 :  Invalid Param: DDR3_tZQCS ==> 64
MIG: 22:12:14 :  Invalid Param: DDR3_SIM_BYPASS_INIT_CAL ==> "OFF"
MIG: 22:12:14 :  Invalid Param: DDR3_SIMULATION ==> "FALSE"
MIG: 22:12:14 :  Invalid Param: DDR3_BYTE_LANES_B0 ==> 4'b1111
MIG: 22:12:14 :  Invalid Param: DDR3_BYTE_LANES_B1 ==> 4'b0000
MIG: 22:12:14 :  Invalid Param: DDR3_BYTE_LANES_B2 ==> 4'b0000
MIG: 22:12:14 :  Invalid Param: DDR3_BYTE_LANES_B3 ==> 4'b0000
MIG: 22:12:14 :  Invalid Param: DDR3_BYTE_LANES_B4 ==> 4'b0000
MIG: 22:12:14 :  Invalid Param: DDR3_DATA_CTL_B0 ==> 4'b1100
MIG: 22:12:14 :  Invalid Param: DDR3_DATA_CTL_B1 ==> 4'b0000
MIG: 22:12:14 :  Invalid Param: DDR3_DATA_CTL_B2 ==> 4'b0000
MIG: 22:12:14 :  Invalid Param: DDR3_DATA_CTL_B3 ==> 4'b0000
MIG: 22:12:14 :  Invalid Param: DDR3_DATA_CTL_B4 ==> 4'b0000
MIG: 22:12:15 :  Invalid Param: DDR3_PHY_0_BITLANES ==> 48'h3F7_3FE_FFF_BFF
MIG: 22:12:15 :  Invalid Param: DDR3_PHY_1_BITLANES ==> 48'h000_000_000_000
MIG: 22:12:15 :  Invalid Param: DDR3_PHY_2_BITLANES ==> 48'h000_000_000_000
MIG: 22:12:15 :  Invalid Param: DDR3_CK_BYTE_MAP ==> 144'h00_00_00_00_00_00_00_00_00_00_00_00_00_00_00_00_00_00
MIG: 22:12:15 :  Invalid Param: DDR3_ADDR_MAP ==> 192'h000_001_005_009_000_011_007_003_004_008_006_00B_01B_015_002_014
MIG: 22:12:15 :  Invalid Param: DDR3_BANK_MAP ==> 36'h010_013_017
MIG: 22:12:15 :  Invalid Param: DDR3_CAS_MAP ==> 12'h016
MIG: 22:12:15 :  Invalid Param: DDR3_CKE_ODT_BYTE_MAP ==> 8'h00
MIG: 22:12:15 :  Invalid Param: DDR3_CKE_MAP ==> 96'h000_000_000_000_000_000_000_012
MIG: 22:12:15 :  Invalid Param: DDR3_ODT_MAP ==> 96'h000_000_000_000_000_000_000_019
MIG: 22:12:15 :  Invalid Param: DDR3_CS_MAP ==> 120'h000_000_000_000_000_000_000_000_000_000
MIG: 22:12:15 :  Invalid Param: DDR3_PARITY_MAP ==> 12'h000
MIG: 22:12:15 :  Invalid Param: DDR3_RAS_MAP ==> 12'h018
MIG: 22:12:15 :  Invalid Param: DDR3_WE_MAP ==> 12'h01A
MIG: 22:12:15 :  Invalid Param: DDR3_DQS_BYTE_MAP ==> 144'h00_00_00_00_00_00_00_00_00_00_00_00_00_00_00_00_03_02
MIG: 22:12:15 :  Invalid Param: DDR3_DATA0_MAP ==> 96'h025_027_023_029_028_024_021_026
MIG: 22:12:15 :  Invalid Param: DDR3_DATA1_MAP ==> 96'h039_035_038_037_034_031_036_030
MIG: 22:12:15 :  Invalid Param: DDR3_DATA2_MAP ==> 96'h000_000_000_000_000_000_000_000
MIG: 22:12:15 :  Invalid Param: DDR3_DATA3_MAP ==> 96'h000_000_000_000_000_000_000_000
MIG: 22:12:15 :  Invalid Param: DDR3_DATA4_MAP ==> 96'h000_000_000_000_000_000_000_000
MIG: 22:12:15 :  Invalid Param: DDR3_DATA5_MAP ==> 96'h000_000_000_000_000_000_000_000
MIG: 22:12:15 :  Invalid Param: DDR3_DATA6_MAP ==> 96'h000_000_000_000_000_000_000_000
MIG: 22:12:15 :  Invalid Param: DDR3_DATA7_MAP ==> 96'h000_000_000_000_000_000_000_000
MIG: 22:12:15 :  Invalid Param: DDR3_DATA8_MAP ==> 96'h000_000_000_000_000_000_000_000
MIG: 22:12:15 :  Invalid Param: DDR3_DATA9_MAP ==> 96'h000_000_000_000_000_000_000_000
MIG: 22:12:15 :  Invalid Param: DDR3_DATA10_MAP ==> 96'h000_000_000_000_000_000_000_000
MIG: 22:12:15 :  Invalid Param: DDR3_DATA11_MAP ==> 96'h000_000_000_000_000_000_000_000
MIG: 22:12:15 :  Invalid Param: DDR3_DATA12_MAP ==> 96'h000_000_000_000_000_000_000_000
MIG: 22:12:15 :  Invalid Param: DDR3_DATA13_MAP ==> 96'h000_000_000_000_000_000_000_000
MIG: 22:12:15 :  Invalid Param: DDR3_DATA14_MAP ==> 96'h000_000_000_000_000_000_000_000
MIG: 22:12:15 :  Invalid Param: DDR3_DATA15_MAP ==> 96'h000_000_000_000_000_000_000_000
MIG: 22:12:15 :  Invalid Param: DDR3_DATA16_MAP ==> 96'h000_000_000_000_000_000_000_000
MIG: 22:12:15 :  Invalid Param: DDR3_DATA17_MAP ==> 96'h000_000_000_000_000_000_000_000
MIG: 22:12:15 :  Invalid Param: DDR3_MASK0_MAP ==> 108'h000_000_000_000_000_000_000_032_022
MIG: 22:12:15 :  Invalid Param: DDR3_MASK1_MAP ==> 108'h000_000_000_000_000_000_000_000_000
MIG: 22:12:15 :  Invalid Param: DDR3_SLOT_0_CONFIG ==> 8'b0000_0001
MIG: 22:12:15 :  Invalid Param: DDR3_SLOT_1_CONFIG ==> 8'b0000_0000
MIG: 22:12:15 :  Invalid Param: DDR3_IBUF_LPWR_MODE ==> "OFF"
MIG: 22:12:15 :  Invalid Param: DDR3_DATA_IO_IDLE_PWRDWN ==> "ON"
MIG: 22:12:15 :  Invalid Param: DDR3_BANK_TYPE ==> "HR_IO"
MIG: 22:12:15 :  Invalid Param: DDR3_DATA_IO_PRIM_TYPE ==> "HR_LP"
MIG: 22:12:15 :  Invalid Param: DDR3_CKE_ODT_AUX ==> "FALSE"
MIG: 22:12:15 :  Invalid Param: DDR3_USER_REFRESH ==> "OFF"
MIG: 22:12:15 :  Invalid Param: DDR3_WRLVL ==> "ON"
MIG: 22:12:15 :  Invalid Param: DDR3_ORDERING ==> "NORM"
MIG: 22:12:15 :  Invalid Param: DDR3_CALIB_ROW_ADD ==> 16'h0000
MIG: 22:12:15 :  Invalid Param: DDR3_CALIB_COL_ADD ==> 12'h000
MIG: 22:12:15 :  Invalid Param: DDR3_CALIB_BA_ADD ==> 3'h0
MIG: 22:12:15 :  Invalid Param: DDR3_TCQ ==> 100
MIG: 22:12:15 :  Invalid Param: DDR3_IDELAY_ADJ ==> "OFF"
MIG: 22:12:15 :  Invalid Param: DDR3_FINE_PER_BIT ==> "OFF"
MIG: 22:12:15 :  Invalid Param: DDR3_CENTER_COMP_MODE ==> "OFF"
MIG: 22:12:15 :  Invalid Param: DDR3_PI_VAL_ADJ ==> "OFF"
MIG: 22:12:15 :  Invalid Param: DDR3_IODELAY_GRP0 ==> "DESIGN_1_MIG_7SERIES_0_0_IODELAY_MIG0"
MIG: 22:12:15 :  Invalid Param: DDR3_IODELAY_GRP1 ==> "DESIGN_1_MIG_7SERIES_0_0_IODELAY_MIG1"
MIG: 22:12:15 :  Invalid Param: DDR3_SYSCLK_TYPE ==> "NO_BUFFER"
MIG: 22:12:15 :  Invalid Param: DDR3_REFCLK_TYPE ==> "USE_SYSTEM_CLOCK"
MIG: 22:12:15 :  Invalid Param: DDR3_SYS_RST_PORT ==> "FALSE"
MIG: 22:12:15 :  Invalid Param: DDR3_FPGA_SPEED_GRADE ==> 1
MIG: 22:12:15 :  Invalid Param: DDR3_CMD_PIPE_PLUS1 ==> "ON"
MIG: 22:12:15 :  Invalid Param: DDR3_DRAM_TYPE ==> "DDR3"
MIG: 22:12:15 :  Invalid Param: DDR3_CAL_WIDTH ==> "HALF"
MIG: 22:12:15 :  Invalid Param: DDR3_STARVE_LIMIT ==> 2
MIG: 22:12:15 :  Invalid Param: DDR3_REF_CLK_MMCM_IODELAY_CTRL ==> "FALSE"
MIG: 22:12:15 :  Invalid Param: DDR3_REFCLK_FREQ ==> 200.0
MIG: 22:12:15 :  Invalid Param: DDR3_DIFF_TERM_REFCLK ==> "TRUE"
MIG: 22:12:15 :  Invalid Param: DDR3_tCK ==> 2500
MIG: 22:12:15 : 4
MIG: 22:12:15 :  Valid Param: DDR3_nCK_PER_CLK ==> 4
MIG: 22:12:15 :  Invalid Param: DDR3_DIFF_TERM_SYSCLK ==> "TRUE"
MIG: 22:12:15 : 
MIG: 22:12:15 :  Valid Param: UI_EXTRA_CLOCKS ==> FALSE
MIG: 22:12:15 : 2
MIG: 22:12:15 :  Valid Param: C_S_AXI_ID_WIDTH ==> 2
MIG: 22:12:15 : 536870912
MIG: 22:12:15 :  Valid Param: C_S_AXI_MEM_SIZE ==> 536870912
MIG: 22:12:15 : 29
MIG: 22:12:15 :  Valid Param: C_S_AXI_ADDR_WIDTH ==> 29
MIG: 22:12:15 : 
MIG: 22:12:15 :  Valid Param: C_S_AXI_DATA_WIDTH ==> 32
MIG: 22:12:15 :  Invalid Param: DDR3_C_MC_nCK_PER_CLK ==> 4
MIG: 22:12:15 :  Invalid Param: C_S_AXI_SUPPORTS_NARROW_BURST ==> 0
MIG: 22:12:15 :  Invalid Param: DDR3_C_RD_WR_ARB_ALGORITHM ==> "RD_PRI_REG"
MIG: 22:12:15 :  Invalid Param: C_S_AXI_REG_EN0 ==> 20'h00000
MIG: 22:12:15 :  Invalid Param: C_S_AXI_REG_EN1 ==> 20'h00000
MIG: 22:12:15 : 
MIG: 22:12:15 :  Valid Param: C_S_AXI_CTRL_ADDR_WIDTH ==> 32
MIG: 22:12:15 : 
MIG: 22:12:15 :  Valid Param: C_S_AXI_CTRL_DATA_WIDTH ==> 32
MIG: 22:12:15 :  Invalid Param: C_S_AXI_BASEADDR ==> 32'h0000_0000
MIG: 22:12:15 :  Invalid Param: C_ECC_ONOFF_RESET_VALUE ==> 1
MIG: 22:12:15 :  Invalid Param: C_ECC_CE_COUNTER_WIDTH ==> 8
MIG: 22:12:15 : 
MIG: 22:12:15 :  Valid Param: DDR3_DEBUG_PORT ==> OFF
MIG: 22:12:15 : 
MIG: 22:12:15 :  Invalid Param: DDR3_TEMP_MON_CONTROL ==> "INTERNAL"
MIG: 22:12:15 :  Invalid Param: DDR3_FPGA_VOLT_TYPE ==> "N"
MIG: 22:12:15 :  Invalid Param: DDR3_RST_ACT_LOW ==> 1
MIG: 22:12:15 : NOBUF
MIG: 22:12:15 : NONE
MIG: 22:12:15 : 
MIG: 22:12:15 : Same Interface
MIG: 22:12:15 : xml_input_file: board.prj
MIG: 22:12:15 : Absolute path of xml_input_file: c:/Xilinx/ECE532/ethernet_tutorial/ethernet_tutorial.srcs/sources_1/bd/design_1/ip/design_1_mig_7series_0_0/board.prj
MIG: 22:12:15 : In updateAllModelParams
MIG: 22:12:15 : IGN:     <ModuleName>system_mig_7series_0_0</ModuleName> <==>     <ModuleName>design_1_mig_7series_0_0</ModuleName> 
MIG: 22:12:15 : ERR:     <Version>2.1</Version> <==>     <Version>4.0</Version> 
MIG: 22:12:15 : ################# RUNNING MIG BATCH ###################
MIG: 22:12:15 : Writing IN file for 'design_1_mig_7series_0_0'...compDirPath: c:/Xilinx/Vivado/2017.2/data/ip/xilinx/mig_7series_v4_0... instDirPath: c:/Xilinx/ECE532/ethernet_tutorial/ethernet_tutorial.srcs/sources_1/bd/design_1/ip/design_1_mig_7series_0_0
MIG: 22:12:15 : synp_flow:  -- synthesis_mode: Other
MIG: 22:12:15 : outputDirectory: c:/Xilinx/ECE532/ethernet_tutorial/ethernet_tutorial.srcs/sources_1/bd/design_1/ip/design_1_mig_7series_0_0/_tmp/
MIG: 22:12:15 : vivado_mode: xpg_bd
MIG: 22:12:15 : isPortInterface: 0
MIG: 22:12:15 : isPortInterface: 0
MIG: 22:12:15 : isPortInterface: 0
MIG: 22:12:15 : isPortInterface: 0
MIG: 22:12:15 : isPortInterface: 0
MIG: 22:12:15 : isPortInterface: 0
MIG: 22:12:15 : isPortInterface: 0
MIG: 22:12:15 : isPortInterface: 0
MIG: 22:12:15 : isPortInterface: 0
MIG: 22:12:16 : isPortInterface: 0
MIG: 22:12:16 : isPortInterface: 0
MIG: 22:12:16 : isPortInterface: 0
MIG: 22:12:16 : isPortInterface: 0
MIG: 22:12:16 : isPortInterface: 0
MIG: 22:12:16 : isPortInterface: 0
MIG: 22:12:16 : isPortInterface: 0
MIG: 22:12:16 : isPortInterface: 0
MIG: 22:12:16 : isPortInterface: 0
MIG: 22:12:16 : isPortInterface: 0
MIG: 22:12:16 : isPortInterface: 0
MIG: 22:12:16 : isPortInterface: 0
MIG: 22:12:16 : isPortInterface: 0
MIG: 22:12:16 : isPortInterface: 0
MIG: 22:12:16 : isPortInterface: 0
MIG: 22:12:16 : isPortInterface: 0
MIG: 22:12:16 : isPortInterface: 0
MIG: 22:12:16 : isPortInterface: 0
MIG: 22:12:16 : isPortInterface: 0
MIG: 22:12:16 : isPortInterface: 0
MIG: 22:12:16 : isPortInterface: 0
MIG: 22:12:16 : isPortInterface: 0
MIG: 22:12:16 : isPortInterface: 0
MIG: 22:12:16 : isPortInterface: 0
MIG: 22:12:16 : isPortInterface: 0
MIG: 22:12:16 : isPortInterface: 0
MIG: 22:12:16 : isPortInterface: 0
MIG: 22:12:16 : isPortInterface: 0
MIG: 22:12:16 : isPortInterface: 0
MIG: 22:12:16 : isPortInterface: 0
MIG: 22:12:16 : isPortInterface: 0
MIG: 22:12:16 : isPortInterface: 0
MIG: 22:12:16 : isPortInterface: 0
MIG: 22:12:16 : isPortInterface: 0
MIG: 22:12:16 : isPortInterface: 0
MIG: 22:12:16 : isPortInterface: 0
MIG: 22:12:16 : isPortInterface: 0
MIG: 22:12:16 : isPortInterface: 0
MIG: 22:12:16 : isPortInterface: 0
MIG: 22:12:16 : isPortInterface: 0
MIG: 22:12:16 : isPortInterface: 0
MIG: 22:12:16 : isPortInterface: 0
MIG: 22:12:16 : isPortInterface: 0
MIG: 22:12:16 : isPortInterface: 0
MIG: 22:12:16 : isPortInterface: 0
MIG: 22:12:16 : isPortInterface: 0
MIG: 22:12:16 : isPortInterface: 0
MIG: 22:12:16 : isPortInterface: 0
MIG: 22:12:16 : isPortInterface: 0
MIG: 22:12:16 : isPortInterface: 0
MIG: 22:12:16 : isPortInterface: 0
MIG: 22:12:16 : isPortInterface: 0
MIG: 22:12:16 : isPortInterface: 0
MIG: 22:12:16 : isPortInterface: 0
MIG: 22:12:16 : isPortInterface: 0
MIG: 22:12:16 : isPortInterface: 0
MIG: 22:12:16 : isPortInterface: 0
MIG: 22:12:16 : isPortInterface: 0
MIG: 22:12:16 : isPortInterface: 0
MIG: 22:12:16 : isPortInterface: 0
MIG: 22:12:16 : isPortInterface: 0
MIG: 22:12:16 : isPortInterface: 0
MIG: 22:12:16 : isPortInterface: 0
MIG: 22:12:16 : isPortInterface: 0
MIG: 22:12:16 : isPortInterface: 0
MIG: 22:12:16 : isPortInterface: 0
MIG: 22:12:16 : isPortInterface: 0
MIG: 22:12:16 : isPortInterface: 0
MIG: 22:12:16 : isPortInterface: 0
MIG: 22:12:16 : isPortInterface: 0
MIG: 22:12:16 : isPortInterface: 0
MIG: 22:12:16 : isPortInterface: 0
MIG: 22:12:16 : isPortInterface: 0
MIG: 22:12:16 : isPortInterface: 0
MIG: 22:12:16 : isPortInterface: 0
MIG: 22:12:16 : isPortInterface: 0
MIG: 22:12:16 : isPortInterface: 0
MIG: 22:12:16 : isPortInterface: 0
MIG: 22:12:16 : isPortInterface: 0
MIG: 22:12:16 : isPortInterface: 0
MIG: 22:12:16 : isPortInterface: 0
MIG: 22:12:16 : isPortInterface: 0
MIG: 22:12:16 : isPortInterface: 0
MIG: 22:12:16 : isPortInterface: 0
MIG: 22:12:16 : isPortInterface: 0
MIG: 22:12:16 : isPortInterface: 0
MIG: 22:12:16 : isPortInterface: 0
MIG: 22:12:16 : isPortInterface: 0
MIG: 22:12:16 : isPortInterface: 0
MIG: 22:12:16 : isPortInterface: 0
MIG: 22:12:16 : isPortInterface: 0
MIG: 22:12:16 : isPortInterface: 0
MIG: 22:12:16 : isPortInterface: 0
MIG: 22:12:16 : isPortInterface: 0
MIG: 22:12:16 : isPortInterface: 0
MIG: 22:12:16 : isPortInterface: 0
MIG: 22:12:16 : isPortInterface: 0
MIG: 22:12:16 : isPortInterface: 0
MIG: 22:12:16 : isPortInterface: 0
MIG: 22:12:16 : isPortInterface: 0
MIG: 22:12:16 : isPortInterface: 0
MIG: 22:12:16 : isPortInterface: 0
MIG: 22:12:16 : isPortInterface: 0
MIG: 22:12:16 : isPortInterface: 0
MIG: 22:12:16 : isPortInterface: 0
MIG: 22:12:16 : isPortInterface: 0
MIG: 22:12:16 : isPortInterface: 0
MIG: 22:12:16 : isPortInterface: 0
MIG: 22:12:16 : isPortInterface: 0
MIG: 22:12:16 : isPortInterface: 0
MIG: 22:12:16 : isPortInterface: 0
MIG: 22:12:16 : isPortInterface: 0
MIG: 22:12:16 : isPortInterface: 0
MIG: 22:12:16 : isPortInterface: 1
MIG: 22:12:16 : isPortInterface: 0
MIG: 22:12:16 : isPortInterface: 0
MIG: 22:12:16 : isPortInterface: 0
MIG: 22:12:16 : isPortInterface: 0
MIG: 22:12:16 : isPortInterface: 0
MIG: 22:12:16 : isPortInterface: 0
MIG: 22:12:16 : isPortInterface: 0
MIG: 22:12:16 : isPortInterface: 0
MIG: 22:12:16 : isPortInterface: 0
MIG: 22:12:16 : isPortInterface: 0
MIG: 22:12:16 :  locked false  
MIG: 22:12:16 : HDL Language: Verilog
MIG: 22:12:16 : compInfo: true
MIG: 22:12:16 : Vivado Options xc7a200t sbg484 -1
MIG: 22:12:16 : 1: xc7a200t 2: sbg484 3: -1
MIG: 22:12:16 : relative mig path: coregen/ip/xilinx/other/com/xilinx/ip/mig_7series_v4_0/bin/nt64/mig.exe
MIG: 22:12:16 : xilinx_path: C:/Xilinx/Vivado/2017.2/ids_lite/ISE
MIG: 22:12:16 : I am in catch area
MIG: 22:12:16 : Running C:/Xilinx/Vivado/2017.2/ids_lite/ISE/coregen/ip/xilinx/other/com/xilinx/ip/mig_7series_v4_0/bin/nt64/mig.exe -cg_exc_inp c:/Xilinx/ECE532/ethernet_tutorial/ethernet_tutorial.srcs/sources_1/bd/design_1/ip/design_1_mig_7series_0_0/xil_txt.in -cg_exc_out c:/Xilinx/ECE532/ethernet_tutorial/ethernet_tutorial.srcs/sources_1/bd/design_1/ip/design_1_mig_7series_0_0/xil_txt.out ... 
MIG: 22:12:28 : XML_INPUT_FILE: c:/Xilinx/ECE532/ethernet_tutorial/ethernet_tutorial.srcs/sources_1/bd/design_1/ip/design_1_mig_7series_0_0/board.prj
MIG: 22:12:28 : Component_Name: design_1_mig_7series_0_0
MIG: 22:12:28 : Moving design_1_mig_7series_0_0 ...
MIG: 22:12:28 : Moving design_1_mig_7series_0_0.veo ...
MIG: 22:12:28 : Moving design_1_mig_7series_0_0_xmdf.tcl ...
MIG: 22:12:28 : XGUI hdlLanguage: Verilog
MIG: 22:12:28 : xgui vivado_mode: xpg_bd
MIG: 22:12:28 : xgui hdlLanguage: Verilog -- hdlExt: v
MIG: 22:12:28 : Reading C:/Xilinx/ECE532/ethernet_tutorial/ethernet_tutorial.srcs/sources_1/bd/design_1/ip/design_1_mig_7series_0_0/design_1_mig_7series_0_0/user_design/rtl/design_1_mig_7series_0_0_mig.v ...
MIG: 22:12:30 : 
MIG: 22:12:30 : Inside fn mem: DDR3
MIG: 22:12:30 : detect_uiclk: 100000000
MIG: 22:12:30 : cntrl:  memtype: DDR3
MIG: 22:12:30 : 
MIG: 22:12:30 :  MMCM_VCO single ctrl param_name: MMCM_VCO --  possibleMaxVcoVal: 800 
MIG: 22:12:30 : 
MIG: 22:12:30 : 
MIG: 22:12:30 : 
MIG: 22:12:30 : 
MIG: 22:12:30 :  polarity_value: 1
MIG: 22:12:30 : 
MIG: 22:12:30 : 
MIG: 22:12:30 : cntrl:  memtype: DDR3
MIG: 22:12:30 : 
MIG: 22:12:30 :  Valid Param: DDR3_BANK_WIDTH ==> 3
MIG: 22:12:30 : 
MIG: 22:12:30 :  Valid Param: DDR3_CK_WIDTH ==> 1
MIG: 22:12:30 :  Invalid Param: DDR3_COL_WIDTH ==> 10
MIG: 22:12:30 : 
MIG: 22:12:30 :  Valid Param: DDR3_CS_WIDTH ==> 1
MIG: 22:12:30 : 
MIG: 22:12:30 :  Valid Param: DDR3_nCS_PER_RANK ==> 1
MIG: 22:12:30 : 
MIG: 22:12:30 :  Valid Param: DDR3_CKE_WIDTH ==> 1
MIG: 22:12:31 :  Invalid Param: DDR3_DATA_BUF_ADDR_WIDTH ==> 5
MIG: 22:12:31 :  Invalid Param: DDR3_DQ_CNT_WIDTH ==> 4
MIG: 22:12:31 :  Invalid Param: DDR3_DQ_PER_DM ==> 8
MIG: 22:12:31 : 
MIG: 22:12:31 :  Valid Param: DDR3_DM_WIDTH ==> 2
MIG: 22:12:31 : 
MIG: 22:12:31 :  Valid Param: DDR3_DQ_WIDTH ==> 16
MIG: 22:12:31 : 
MIG: 22:12:31 :  Valid Param: DDR3_DQS_WIDTH ==> 2
MIG: 22:12:31 : 
MIG: 22:12:31 :  Valid Param: DDR3_DQS_CNT_WIDTH ==> 1
MIG: 22:12:31 :  Invalid Param: DDR3_DRAM_WIDTH ==> 8
MIG: 22:12:31 : 
MIG: 22:12:31 :  Valid Param: ECC ==> OFF
MIG: 22:12:31 : 
MIG: 22:12:31 :  Valid Param: DDR3_DATA_WIDTH ==> 16
MIG: 22:12:31 :  Invalid Param: ECC_TEST ==> "OFF"
MIG: 22:12:31 :  Invalid Param: DDR3_PAYLOAD_WIDTH ==> (ECC_TEST == "OFF") ? DATA_WIDTH : DQ_WIDTH
MIG: 22:12:31 :  Invalid Param: DDR3_MEM_ADDR_ORDER ==> "BANK_ROW_COLUMN"
MIG: 22:12:31 :  Invalid Param: DDR3_nBANK_MACHS ==> 4
MIG: 22:12:31 :  Invalid Param: DDR3_RANKS ==> 1
MIG: 22:12:31 : 
MIG: 22:12:31 :  Valid Param: DDR3_ODT_WIDTH ==> 1
MIG: 22:12:31 : 
MIG: 22:12:31 :  Valid Param: DDR3_ROW_WIDTH ==> 15
MIG: 22:12:31 : 
MIG: 22:12:31 :  Valid Param: DDR3_ADDR_WIDTH ==> 29
MIG: 22:12:31 : 
MIG: 22:12:31 :  Valid Param: DDR3_USE_CS_PORT ==> 0
MIG: 22:12:31 : 
MIG: 22:12:31 :  Valid Param: DDR3_USE_DM_PORT ==> 1
MIG: 22:12:31 : 
MIG: 22:12:31 :  Valid Param: DDR3_USE_ODT_PORT ==> 1
MIG: 22:12:31 :  Invalid Param: DDR3_IS_CLK_SHARED ==> "FALSE"
MIG: 22:12:31 :  Invalid Param: DDR3_PHY_CONTROL_MASTER_BANK ==> 0
MIG: 22:12:31 :  Invalid Param: DDR3_MEM_DENSITY ==> "4Gb"
MIG: 22:12:31 :  Invalid Param: DDR3_MEM_SPEEDGRADE ==> "125"
MIG: 22:12:31 :  Invalid Param: DDR3_MEM_DEVICE_WIDTH ==> 16
MIG: 22:12:31 :  Invalid Param: DDR3_AL ==> "0"
MIG: 22:12:31 :  Invalid Param: DDR3_nAL ==> 0
MIG: 22:12:31 :  Invalid Param: DDR3_BURST_MODE ==> "8"
MIG: 22:12:31 :  Invalid Param: DDR3_BURST_TYPE ==> "SEQ"
MIG: 22:12:31 :  Invalid Param: DDR3_CL ==> 6
MIG: 22:12:31 :  Invalid Param: DDR3_CWL ==> 5
MIG: 22:12:31 :  Invalid Param: DDR3_OUTPUT_DRV ==> "HIGH"
MIG: 22:12:31 :  Invalid Param: DDR3_RTT_NOM ==> "40"
MIG: 22:12:31 :  Invalid Param: DDR3_RTT_WR ==> "OFF"
MIG: 22:12:31 :  Invalid Param: DDR3_ADDR_CMD_MODE ==> "1T"
MIG: 22:12:31 : 
MIG: 22:12:31 :  Valid Param: DDR3_REG_CTRL ==> OFF
MIG: 22:12:31 :  Invalid Param: DDR3_CA_MIRROR ==> "OFF"
MIG: 22:12:31 :  Invalid Param: DDR3_VDD_OP_VOLT ==> "150"
MIG: 22:12:31 :  Invalid Param: DDR3_CLKIN_PERIOD ==> 5000
MIG: 22:12:31 :  Invalid Param: DDR3_CLKFBOUT_MULT ==> 4
MIG: 22:12:31 :  Invalid Param: DDR3_DIVCLK_DIVIDE ==> 1
MIG: 22:12:31 :  Invalid Param: DDR3_CLKOUT0_PHASE ==> 0.0
MIG: 22:12:31 :  Invalid Param: DDR3_CLKOUT0_DIVIDE ==> 1
MIG: 22:12:31 :  Invalid Param: DDR3_CLKOUT1_DIVIDE ==> 2
MIG: 22:12:31 :  Invalid Param: DDR3_CLKOUT2_DIVIDE ==> 32
MIG: 22:12:31 :  Invalid Param: DDR3_CLKOUT3_DIVIDE ==> 8
MIG: 22:12:31 :  Invalid Param: DDR3_MMCM_VCO ==> 800
MIG: 22:12:31 :  Invalid Param: DDR3_MMCM_MULT_F ==> 8
MIG: 22:12:31 :  Invalid Param: DDR3_MMCM_DIVCLK_DIVIDE ==> 1
MIG: 22:12:31 :  Invalid Param: DDR3_tCKE ==> 5000
MIG: 22:12:31 :  Invalid Param: DDR3_tFAW ==> 40000
MIG: 22:12:31 :  Invalid Param: DDR3_tPRDI ==> 1_000_000
MIG: 22:12:31 :  Invalid Param: DDR3_tRAS ==> 35000
MIG: 22:12:31 :  Invalid Param: DDR3_tRCD ==> 13750
MIG: 22:12:31 :  Invalid Param: DDR3_tREFI ==> 7800000
MIG: 22:12:31 :  Invalid Param: DDR3_tRFC ==> 260000
MIG: 22:12:31 :  Invalid Param: DDR3_tRP ==> 13750
MIG: 22:12:31 :  Invalid Param: DDR3_tRRD ==> 7500
MIG: 22:12:31 :  Invalid Param: DDR3_tRTP ==> 7500
MIG: 22:12:31 :  Invalid Param: DDR3_tWTR ==> 7500
MIG: 22:12:31 :  Invalid Param: DDR3_tZQI ==> 128_000_000
MIG: 22:12:31 :  Invalid Param: DDR3_tZQCS ==> 64
MIG: 22:12:31 :  Invalid Param: DDR3_SIM_BYPASS_INIT_CAL ==> "OFF"
MIG: 22:12:31 :  Invalid Param: DDR3_SIMULATION ==> "FALSE"
MIG: 22:12:31 :  Invalid Param: DDR3_BYTE_LANES_B0 ==> 4'b1111
MIG: 22:12:31 :  Invalid Param: DDR3_BYTE_LANES_B1 ==> 4'b0000
MIG: 22:12:31 :  Invalid Param: DDR3_BYTE_LANES_B2 ==> 4'b0000
MIG: 22:12:31 :  Invalid Param: DDR3_BYTE_LANES_B3 ==> 4'b0000
MIG: 22:12:31 :  Invalid Param: DDR3_BYTE_LANES_B4 ==> 4'b0000
MIG: 22:12:31 :  Invalid Param: DDR3_DATA_CTL_B0 ==> 4'b1100
MIG: 22:12:31 :  Invalid Param: DDR3_DATA_CTL_B1 ==> 4'b0000
MIG: 22:12:31 :  Invalid Param: DDR3_DATA_CTL_B2 ==> 4'b0000
MIG: 22:12:31 :  Invalid Param: DDR3_DATA_CTL_B3 ==> 4'b0000
MIG: 22:12:31 :  Invalid Param: DDR3_DATA_CTL_B4 ==> 4'b0000
MIG: 22:12:31 :  Invalid Param: DDR3_PHY_0_BITLANES ==> 48'h3F7_3FE_FFF_BFF
MIG: 22:12:31 :  Invalid Param: DDR3_PHY_1_BITLANES ==> 48'h000_000_000_000
MIG: 22:12:31 :  Invalid Param: DDR3_PHY_2_BITLANES ==> 48'h000_000_000_000
MIG: 22:12:31 :  Invalid Param: DDR3_CK_BYTE_MAP ==> 144'h00_00_00_00_00_00_00_00_00_00_00_00_00_00_00_00_00_00
MIG: 22:12:31 :  Invalid Param: DDR3_ADDR_MAP ==> 192'h000_001_005_009_000_011_007_003_004_008_006_00B_01B_015_002_014
MIG: 22:12:31 :  Invalid Param: DDR3_BANK_MAP ==> 36'h010_013_017
MIG: 22:12:31 :  Invalid Param: DDR3_CAS_MAP ==> 12'h016
MIG: 22:12:31 :  Invalid Param: DDR3_CKE_ODT_BYTE_MAP ==> 8'h00
MIG: 22:12:31 :  Invalid Param: DDR3_CKE_MAP ==> 96'h000_000_000_000_000_000_000_012
MIG: 22:12:31 :  Invalid Param: DDR3_ODT_MAP ==> 96'h000_000_000_000_000_000_000_019
MIG: 22:12:31 :  Invalid Param: DDR3_CS_MAP ==> 120'h000_000_000_000_000_000_000_000_000_000
MIG: 22:12:31 :  Invalid Param: DDR3_PARITY_MAP ==> 12'h000
MIG: 22:12:31 :  Invalid Param: DDR3_RAS_MAP ==> 12'h018
MIG: 22:12:31 :  Invalid Param: DDR3_WE_MAP ==> 12'h01A
MIG: 22:12:31 :  Invalid Param: DDR3_DQS_BYTE_MAP ==> 144'h00_00_00_00_00_00_00_00_00_00_00_00_00_00_00_00_03_02
MIG: 22:12:31 :  Invalid Param: DDR3_DATA0_MAP ==> 96'h025_027_023_029_028_024_021_026
MIG: 22:12:31 :  Invalid Param: DDR3_DATA1_MAP ==> 96'h039_035_038_037_034_031_036_030
MIG: 22:12:31 :  Invalid Param: DDR3_DATA2_MAP ==> 96'h000_000_000_000_000_000_000_000
MIG: 22:12:31 :  Invalid Param: DDR3_DATA3_MAP ==> 96'h000_000_000_000_000_000_000_000
MIG: 22:12:31 :  Invalid Param: DDR3_DATA4_MAP ==> 96'h000_000_000_000_000_000_000_000
MIG: 22:12:31 :  Invalid Param: DDR3_DATA5_MAP ==> 96'h000_000_000_000_000_000_000_000
MIG: 22:12:31 :  Invalid Param: DDR3_DATA6_MAP ==> 96'h000_000_000_000_000_000_000_000
MIG: 22:12:31 :  Invalid Param: DDR3_DATA7_MAP ==> 96'h000_000_000_000_000_000_000_000
MIG: 22:12:31 :  Invalid Param: DDR3_DATA8_MAP ==> 96'h000_000_000_000_000_000_000_000
MIG: 22:12:31 :  Invalid Param: DDR3_DATA9_MAP ==> 96'h000_000_000_000_000_000_000_000
MIG: 22:12:31 :  Invalid Param: DDR3_DATA10_MAP ==> 96'h000_000_000_000_000_000_000_000
MIG: 22:12:31 :  Invalid Param: DDR3_DATA11_MAP ==> 96'h000_000_000_000_000_000_000_000
MIG: 22:12:31 :  Invalid Param: DDR3_DATA12_MAP ==> 96'h000_000_000_000_000_000_000_000
MIG: 22:12:31 :  Invalid Param: DDR3_DATA13_MAP ==> 96'h000_000_000_000_000_000_000_000
MIG: 22:12:31 :  Invalid Param: DDR3_DATA14_MAP ==> 96'h000_000_000_000_000_000_000_000
MIG: 22:12:31 :  Invalid Param: DDR3_DATA15_MAP ==> 96'h000_000_000_000_000_000_000_000
MIG: 22:12:31 :  Invalid Param: DDR3_DATA16_MAP ==> 96'h000_000_000_000_000_000_000_000
MIG: 22:12:31 :  Invalid Param: DDR3_DATA17_MAP ==> 96'h000_000_000_000_000_000_000_000
MIG: 22:12:31 :  Invalid Param: DDR3_MASK0_MAP ==> 108'h000_000_000_000_000_000_000_032_022
MIG: 22:12:31 :  Invalid Param: DDR3_MASK1_MAP ==> 108'h000_000_000_000_000_000_000_000_000
MIG: 22:12:31 :  Invalid Param: DDR3_SLOT_0_CONFIG ==> 8'b0000_0001
MIG: 22:12:31 :  Invalid Param: DDR3_SLOT_1_CONFIG ==> 8'b0000_0000
MIG: 22:12:31 :  Invalid Param: DDR3_IBUF_LPWR_MODE ==> "OFF"
MIG: 22:12:31 :  Invalid Param: DDR3_DATA_IO_IDLE_PWRDWN ==> "ON"
MIG: 22:12:31 :  Invalid Param: DDR3_BANK_TYPE ==> "HR_IO"
MIG: 22:12:31 :  Invalid Param: DDR3_DATA_IO_PRIM_TYPE ==> "HR_LP"
MIG: 22:12:31 :  Invalid Param: DDR3_CKE_ODT_AUX ==> "FALSE"
MIG: 22:12:31 :  Invalid Param: DDR3_USER_REFRESH ==> "OFF"
MIG: 22:12:31 :  Invalid Param: DDR3_WRLVL ==> "ON"
MIG: 22:12:31 :  Invalid Param: DDR3_ORDERING ==> "NORM"
MIG: 22:12:31 :  Invalid Param: DDR3_CALIB_ROW_ADD ==> 16'h0000
MIG: 22:12:31 :  Invalid Param: DDR3_CALIB_COL_ADD ==> 12'h000
MIG: 22:12:31 :  Invalid Param: DDR3_CALIB_BA_ADD ==> 3'h0
MIG: 22:12:31 :  Invalid Param: DDR3_TCQ ==> 100
MIG: 22:12:31 :  Invalid Param: DDR3_IDELAY_ADJ ==> "OFF"
MIG: 22:12:31 :  Invalid Param: DDR3_FINE_PER_BIT ==> "OFF"
MIG: 22:12:31 :  Invalid Param: DDR3_CENTER_COMP_MODE ==> "OFF"
MIG: 22:12:31 :  Invalid Param: DDR3_PI_VAL_ADJ ==> "OFF"
MIG: 22:12:31 :  Invalid Param: DDR3_IODELAY_GRP0 ==> "DESIGN_1_MIG_7SERIES_0_0_IODELAY_MIG0"
MIG: 22:12:31 :  Invalid Param: DDR3_IODELAY_GRP1 ==> "DESIGN_1_MIG_7SERIES_0_0_IODELAY_MIG1"
MIG: 22:12:31 :  Invalid Param: DDR3_SYSCLK_TYPE ==> "NO_BUFFER"
MIG: 22:12:31 :  Invalid Param: DDR3_REFCLK_TYPE ==> "USE_SYSTEM_CLOCK"
MIG: 22:12:32 :  Invalid Param: DDR3_SYS_RST_PORT ==> "FALSE"
MIG: 22:12:32 :  Invalid Param: DDR3_FPGA_SPEED_GRADE ==> 1
MIG: 22:12:32 :  Invalid Param: DDR3_CMD_PIPE_PLUS1 ==> "ON"
MIG: 22:12:32 :  Invalid Param: DDR3_DRAM_TYPE ==> "DDR3"
MIG: 22:12:32 :  Invalid Param: DDR3_CAL_WIDTH ==> "HALF"
MIG: 22:12:32 :  Invalid Param: DDR3_STARVE_LIMIT ==> 2
MIG: 22:12:32 :  Invalid Param: DDR3_REF_CLK_MMCM_IODELAY_CTRL ==> "FALSE"
MIG: 22:12:32 :  Invalid Param: DDR3_REFCLK_FREQ ==> 200.0
MIG: 22:12:32 :  Invalid Param: DDR3_DIFF_TERM_REFCLK ==> "TRUE"
MIG: 22:12:32 :  Invalid Param: DDR3_tCK ==> 2500
MIG: 22:12:32 : 
MIG: 22:12:32 :  Valid Param: DDR3_nCK_PER_CLK ==> 4
MIG: 22:12:32 :  Invalid Param: DDR3_DIFF_TERM_SYSCLK ==> "TRUE"
MIG: 22:12:32 : 
MIG: 22:12:32 :  Valid Param: UI_EXTRA_CLOCKS ==> FALSE
MIG: 22:12:32 : 
MIG: 22:12:32 :  Valid Param: C_S_AXI_ID_WIDTH ==> 2
MIG: 22:12:32 : 
MIG: 22:12:32 :  Valid Param: C_S_AXI_MEM_SIZE ==> 536870912
MIG: 22:12:32 : 
MIG: 22:12:32 :  Valid Param: C_S_AXI_ADDR_WIDTH ==> 29
MIG: 22:12:32 : 
MIG: 22:12:32 :  Valid Param: C_S_AXI_DATA_WIDTH ==> 32
MIG: 22:12:32 :  Invalid Param: DDR3_C_MC_nCK_PER_CLK ==> 4
MIG: 22:12:32 :  Invalid Param: C_S_AXI_SUPPORTS_NARROW_BURST ==> 0
MIG: 22:12:32 :  Invalid Param: DDR3_C_RD_WR_ARB_ALGORITHM ==> "RD_PRI_REG"
MIG: 22:12:32 :  Invalid Param: C_S_AXI_REG_EN0 ==> 20'h00000
MIG: 22:12:32 :  Invalid Param: C_S_AXI_REG_EN1 ==> 20'h00000
MIG: 22:12:32 : 
MIG: 22:12:32 :  Valid Param: C_S_AXI_CTRL_ADDR_WIDTH ==> 32
MIG: 22:12:32 : 
MIG: 22:12:32 :  Valid Param: C_S_AXI_CTRL_DATA_WIDTH ==> 32
MIG: 22:12:32 :  Invalid Param: C_S_AXI_BASEADDR ==> 32'h0000_0000
MIG: 22:12:32 :  Invalid Param: C_ECC_ONOFF_RESET_VALUE ==> 1
MIG: 22:12:32 :  Invalid Param: C_ECC_CE_COUNTER_WIDTH ==> 8
MIG: 22:12:32 : 
MIG: 22:12:32 :  Valid Param: DDR3_DEBUG_PORT ==> OFF
MIG: 22:12:32 : 
MIG: 22:12:32 :  Invalid Param: DDR3_TEMP_MON_CONTROL ==> "INTERNAL"
MIG: 22:12:32 :  Invalid Param: DDR3_FPGA_VOLT_TYPE ==> "N"
MIG: 22:12:32 :  Invalid Param: DDR3_RST_ACT_LOW ==> 1
MIG: 22:12:32 : 
MIG: 22:12:32 : 
MIG: 22:12:32 : 
MIG: 22:12:32 : Same Interface
MIG: 22:13:08 : xml_input_file: board.prj
MIG: 22:13:08 : Absolute path of xml_input_file: c:/Xilinx/ECE532/ethernet_tutorial/ethernet_tutorial.srcs/sources_1/bd/design_1/ip/design_1_mig_7series_0_0/board.prj
MIG: 22:13:08 : In updateAllModelParams
MIG: 22:13:08 : IGN:     <ModuleName>system_mig_7series_0_0</ModuleName> <==>     <ModuleName>design_1_mig_7series_0_0</ModuleName> 
MIG: 22:13:08 : ERR:     <Version>2.1</Version> <==>     <Version>4.0</Version> 
MIG: 22:13:08 : ################# RUNNING MIG BATCH ###################
MIG: 22:13:08 : Writing IN file for 'design_1_mig_7series_0_0'...compDirPath: c:/Xilinx/Vivado/2017.2/data/ip/xilinx/mig_7series_v4_0... instDirPath: c:/Xilinx/ECE532/ethernet_tutorial/ethernet_tutorial.srcs/sources_1/bd/design_1/ip/design_1_mig_7series_0_0
MIG: 22:13:08 : synp_flow:  -- synthesis_mode: Other
MIG: 22:13:08 : outputDirectory: c:/Xilinx/ECE532/ethernet_tutorial/ethernet_tutorial.srcs/sources_1/bd/design_1/ip/design_1_mig_7series_0_0/_tmp/
MIG: 22:13:08 : vivado_mode: xpg_bd
MIG: 22:13:08 : isPortInterface: 0
MIG: 22:13:08 : isPortInterface: 0
MIG: 22:13:08 : isPortInterface: 0
MIG: 22:13:08 : isPortInterface: 0
MIG: 22:13:08 : isPortInterface: 0
MIG: 22:13:08 : isPortInterface: 0
MIG: 22:13:08 : isPortInterface: 0
MIG: 22:13:08 : isPortInterface: 0
MIG: 22:13:08 : isPortInterface: 0
MIG: 22:13:08 : isPortInterface: 0
MIG: 22:13:08 : isPortInterface: 0
MIG: 22:13:08 : isPortInterface: 0
MIG: 22:13:08 : isPortInterface: 0
MIG: 22:13:08 : isPortInterface: 0
MIG: 22:13:08 : isPortInterface: 0
MIG: 22:13:08 : isPortInterface: 0
MIG: 22:13:08 : isPortInterface: 0
MIG: 22:13:08 : isPortInterface: 0
MIG: 22:13:08 : isPortInterface: 0
MIG: 22:13:08 : isPortInterface: 0
MIG: 22:13:08 : isPortInterface: 0
MIG: 22:13:08 : isPortInterface: 0
MIG: 22:13:08 : isPortInterface: 0
MIG: 22:13:08 : isPortInterface: 0
MIG: 22:13:08 : isPortInterface: 0
MIG: 22:13:08 : isPortInterface: 0
MIG: 22:13:08 : isPortInterface: 0
MIG: 22:13:08 : isPortInterface: 0
MIG: 22:13:08 : isPortInterface: 0
MIG: 22:13:08 : isPortInterface: 0
MIG: 22:13:08 : isPortInterface: 0
MIG: 22:13:08 : isPortInterface: 0
MIG: 22:13:08 : isPortInterface: 0
MIG: 22:13:08 : isPortInterface: 0
MIG: 22:13:08 : isPortInterface: 0
MIG: 22:13:08 : isPortInterface: 0
MIG: 22:13:08 : isPortInterface: 0
MIG: 22:13:08 : isPortInterface: 0
MIG: 22:13:08 : isPortInterface: 0
MIG: 22:13:08 : isPortInterface: 0
MIG: 22:13:08 : isPortInterface: 0
MIG: 22:13:08 : isPortInterface: 0
MIG: 22:13:08 : isPortInterface: 0
MIG: 22:13:08 : isPortInterface: 0
MIG: 22:13:08 : isPortInterface: 0
MIG: 22:13:08 : isPortInterface: 0
MIG: 22:13:08 : isPortInterface: 0
MIG: 22:13:08 : isPortInterface: 0
MIG: 22:13:08 : isPortInterface: 0
MIG: 22:13:08 : isPortInterface: 0
MIG: 22:13:08 : isPortInterface: 0
MIG: 22:13:08 : isPortInterface: 0
MIG: 22:13:08 : isPortInterface: 0
MIG: 22:13:08 : isPortInterface: 0
MIG: 22:13:08 : isPortInterface: 0
MIG: 22:13:08 : isPortInterface: 0
MIG: 22:13:08 : isPortInterface: 0
MIG: 22:13:08 : isPortInterface: 0
MIG: 22:13:08 : isPortInterface: 0
MIG: 22:13:08 : isPortInterface: 0
MIG: 22:13:08 : isPortInterface: 0
MIG: 22:13:08 : isPortInterface: 0
MIG: 22:13:08 : isPortInterface: 0
MIG: 22:13:08 : isPortInterface: 0
MIG: 22:13:08 : isPortInterface: 0
MIG: 22:13:08 : isPortInterface: 0
MIG: 22:13:08 : isPortInterface: 0
MIG: 22:13:08 : isPortInterface: 0
MIG: 22:13:08 : isPortInterface: 0
MIG: 22:13:08 : isPortInterface: 0
MIG: 22:13:08 : isPortInterface: 0
MIG: 22:13:08 : isPortInterface: 0
MIG: 22:13:09 : isPortInterface: 0
MIG: 22:13:09 : isPortInterface: 0
MIG: 22:13:09 : isPortInterface: 0
MIG: 22:13:09 : isPortInterface: 0
MIG: 22:13:09 : isPortInterface: 0
MIG: 22:13:09 : isPortInterface: 0
MIG: 22:13:09 : isPortInterface: 0
MIG: 22:13:09 : isPortInterface: 0
MIG: 22:13:09 : isPortInterface: 0
MIG: 22:13:09 : isPortInterface: 0
MIG: 22:13:09 : isPortInterface: 0
MIG: 22:13:09 : isPortInterface: 0
MIG: 22:13:09 : isPortInterface: 0
MIG: 22:13:09 : isPortInterface: 0
MIG: 22:13:09 : isPortInterface: 0
MIG: 22:13:09 : isPortInterface: 0
MIG: 22:13:09 : isPortInterface: 0
MIG: 22:13:09 : isPortInterface: 0
MIG: 22:13:09 : isPortInterface: 0
MIG: 22:13:09 : isPortInterface: 0
MIG: 22:13:09 : isPortInterface: 0
MIG: 22:13:09 : isPortInterface: 0
MIG: 22:13:09 : isPortInterface: 0
MIG: 22:13:09 : isPortInterface: 0
MIG: 22:13:09 : isPortInterface: 0
MIG: 22:13:09 : isPortInterface: 0
MIG: 22:13:09 : isPortInterface: 0
MIG: 22:13:09 : isPortInterface: 0
MIG: 22:13:09 : isPortInterface: 0
MIG: 22:13:09 : isPortInterface: 0
MIG: 22:13:09 : isPortInterface: 0
MIG: 22:13:09 : isPortInterface: 0
MIG: 22:13:09 : isPortInterface: 0
MIG: 22:13:09 : isPortInterface: 0
MIG: 22:13:09 : isPortInterface: 0
MIG: 22:13:09 : isPortInterface: 0
MIG: 22:13:09 : isPortInterface: 0
MIG: 22:13:09 : isPortInterface: 0
MIG: 22:13:09 : isPortInterface: 0
MIG: 22:13:09 : isPortInterface: 0
MIG: 22:13:09 : isPortInterface: 0
MIG: 22:13:09 : isPortInterface: 0
MIG: 22:13:09 : isPortInterface: 0
MIG: 22:13:09 : isPortInterface: 0
MIG: 22:13:09 : isPortInterface: 0
MIG: 22:13:09 : isPortInterface: 0
MIG: 22:13:09 : isPortInterface: 0
MIG: 22:13:09 : isPortInterface: 0
MIG: 22:13:09 : isPortInterface: 0
MIG: 22:13:09 : isPortInterface: 0
MIG: 22:13:09 : isPortInterface: 1
MIG: 22:13:09 : isPortInterface: 0
MIG: 22:13:09 : isPortInterface: 0
MIG: 22:13:09 : isPortInterface: 0
MIG: 22:13:09 : isPortInterface: 0
MIG: 22:13:09 : isPortInterface: 0
MIG: 22:13:09 : isPortInterface: 0
MIG: 22:13:09 : isPortInterface: 0
MIG: 22:13:09 : isPortInterface: 0
MIG: 22:13:09 : isPortInterface: 0
MIG: 22:13:09 : isPortInterface: 0
MIG: 22:13:09 :  locked false  
MIG: 22:13:09 : HDL Language: Verilog
MIG: 22:13:09 : compInfo: true
MIG: 22:13:09 : Vivado Options xc7a200t sbg484 -1
MIG: 22:13:09 : 1: xc7a200t 2: sbg484 3: -1
MIG: 22:13:09 : relative mig path: coregen/ip/xilinx/other/com/xilinx/ip/mig_7series_v4_0/bin/nt64/mig.exe
MIG: 22:13:09 : xilinx_path: C:/Xilinx/Vivado/2017.2/ids_lite/ISE
MIG: 22:13:09 : I am in catch area
MIG: 22:13:09 : Running C:/Xilinx/Vivado/2017.2/ids_lite/ISE/coregen/ip/xilinx/other/com/xilinx/ip/mig_7series_v4_0/bin/nt64/mig.exe -cg_exc_inp c:/Xilinx/ECE532/ethernet_tutorial/ethernet_tutorial.srcs/sources_1/bd/design_1/ip/design_1_mig_7series_0_0/xil_txt.in -cg_exc_out c:/Xilinx/ECE532/ethernet_tutorial/ethernet_tutorial.srcs/sources_1/bd/design_1/ip/design_1_mig_7series_0_0/xil_txt.out ... 
MIG: 22:13:21 : XML_INPUT_FILE: c:/Xilinx/ECE532/ethernet_tutorial/ethernet_tutorial.srcs/sources_1/bd/design_1/ip/design_1_mig_7series_0_0/board.prj
MIG: 22:13:21 : Component_Name: design_1_mig_7series_0_0
MIG: 22:13:21 : Moving design_1_mig_7series_0_0 ...
MIG: 22:13:21 : Moving design_1_mig_7series_0_0.veo ...
MIG: 22:13:21 : Moving design_1_mig_7series_0_0_xmdf.tcl ...
MIG: 22:13:21 : XGUI hdlLanguage: Verilog
MIG: 22:13:21 : xgui vivado_mode: xpg_bd
MIG: 22:13:21 : xgui hdlLanguage: Verilog -- hdlExt: v
MIG: 22:13:21 : Reading C:/Xilinx/ECE532/ethernet_tutorial/ethernet_tutorial.srcs/sources_1/bd/design_1/ip/design_1_mig_7series_0_0/design_1_mig_7series_0_0/user_design/rtl/design_1_mig_7series_0_0_mig.v ...
MIG: 22:13:22 : 
MIG: 22:13:22 : Inside fn mem: DDR3
MIG: 22:13:22 : detect_uiclk: 100000000
MIG: 22:13:22 : cntrl:  memtype: DDR3
MIG: 22:13:22 : 
MIG: 22:13:22 :  MMCM_VCO single ctrl param_name: MMCM_VCO --  possibleMaxVcoVal: 800 
MIG: 22:13:22 : 
MIG: 22:13:22 : 
MIG: 22:13:22 : 
MIG: 22:13:22 : 
MIG: 22:13:22 :  polarity_value: 1
MIG: 22:13:22 : 
MIG: 22:13:22 : 
MIG: 22:13:22 : cntrl:  memtype: DDR3
MIG: 22:13:22 : 
MIG: 22:13:22 :  Valid Param: DDR3_BANK_WIDTH ==> 3
MIG: 22:13:22 : 
MIG: 22:13:22 :  Valid Param: DDR3_CK_WIDTH ==> 1
MIG: 22:13:22 :  Invalid Param: DDR3_COL_WIDTH ==> 10
MIG: 22:13:22 : 
MIG: 22:13:22 :  Valid Param: DDR3_CS_WIDTH ==> 1
MIG: 22:13:22 : 
MIG: 22:13:22 :  Valid Param: DDR3_nCS_PER_RANK ==> 1
MIG: 22:13:22 : 
MIG: 22:13:22 :  Valid Param: DDR3_CKE_WIDTH ==> 1
MIG: 22:13:22 :  Invalid Param: DDR3_DATA_BUF_ADDR_WIDTH ==> 5
MIG: 22:13:22 :  Invalid Param: DDR3_DQ_CNT_WIDTH ==> 4
MIG: 22:13:22 :  Invalid Param: DDR3_DQ_PER_DM ==> 8
MIG: 22:13:22 : 
MIG: 22:13:22 :  Valid Param: DDR3_DM_WIDTH ==> 2
MIG: 22:13:22 : 
MIG: 22:13:22 :  Valid Param: DDR3_DQ_WIDTH ==> 16
MIG: 22:13:22 : 
MIG: 22:13:22 :  Valid Param: DDR3_DQS_WIDTH ==> 2
MIG: 22:13:22 : 
MIG: 22:13:22 :  Valid Param: DDR3_DQS_CNT_WIDTH ==> 1
MIG: 22:13:22 :  Invalid Param: DDR3_DRAM_WIDTH ==> 8
MIG: 22:13:22 : 
MIG: 22:13:22 :  Valid Param: ECC ==> OFF
MIG: 22:13:22 : 
MIG: 22:13:22 :  Valid Param: DDR3_DATA_WIDTH ==> 16
MIG: 22:13:22 :  Invalid Param: ECC_TEST ==> "OFF"
MIG: 22:13:22 :  Invalid Param: DDR3_PAYLOAD_WIDTH ==> (ECC_TEST == "OFF") ? DATA_WIDTH : DQ_WIDTH
MIG: 22:13:22 :  Invalid Param: DDR3_MEM_ADDR_ORDER ==> "BANK_ROW_COLUMN"
MIG: 22:13:22 :  Invalid Param: DDR3_nBANK_MACHS ==> 4
MIG: 22:13:22 :  Invalid Param: DDR3_RANKS ==> 1
MIG: 22:13:22 : 
MIG: 22:13:22 :  Valid Param: DDR3_ODT_WIDTH ==> 1
MIG: 22:13:22 : 
MIG: 22:13:22 :  Valid Param: DDR3_ROW_WIDTH ==> 15
MIG: 22:13:22 : 
MIG: 22:13:22 :  Valid Param: DDR3_ADDR_WIDTH ==> 29
MIG: 22:13:22 : 
MIG: 22:13:22 :  Valid Param: DDR3_USE_CS_PORT ==> 0
MIG: 22:13:22 : 
MIG: 22:13:22 :  Valid Param: DDR3_USE_DM_PORT ==> 1
MIG: 22:13:22 : 
MIG: 22:13:22 :  Valid Param: DDR3_USE_ODT_PORT ==> 1
MIG: 22:13:22 :  Invalid Param: DDR3_IS_CLK_SHARED ==> "FALSE"
MIG: 22:13:22 :  Invalid Param: DDR3_PHY_CONTROL_MASTER_BANK ==> 0
MIG: 22:13:22 :  Invalid Param: DDR3_MEM_DENSITY ==> "4Gb"
MIG: 22:13:22 :  Invalid Param: DDR3_MEM_SPEEDGRADE ==> "125"
MIG: 22:13:22 :  Invalid Param: DDR3_MEM_DEVICE_WIDTH ==> 16
MIG: 22:13:22 :  Invalid Param: DDR3_AL ==> "0"
MIG: 22:13:22 :  Invalid Param: DDR3_nAL ==> 0
MIG: 22:13:22 :  Invalid Param: DDR3_BURST_MODE ==> "8"
MIG: 22:13:22 :  Invalid Param: DDR3_BURST_TYPE ==> "SEQ"
MIG: 22:13:22 :  Invalid Param: DDR3_CL ==> 6
MIG: 22:13:22 :  Invalid Param: DDR3_CWL ==> 5
MIG: 22:13:22 :  Invalid Param: DDR3_OUTPUT_DRV ==> "HIGH"
MIG: 22:13:22 :  Invalid Param: DDR3_RTT_NOM ==> "40"
MIG: 22:13:22 :  Invalid Param: DDR3_RTT_WR ==> "OFF"
MIG: 22:13:22 :  Invalid Param: DDR3_ADDR_CMD_MODE ==> "1T"
MIG: 22:13:22 : 
MIG: 22:13:22 :  Valid Param: DDR3_REG_CTRL ==> OFF
MIG: 22:13:22 :  Invalid Param: DDR3_CA_MIRROR ==> "OFF"
MIG: 22:13:22 :  Invalid Param: DDR3_VDD_OP_VOLT ==> "150"
MIG: 22:13:22 :  Invalid Param: DDR3_CLKIN_PERIOD ==> 5000
MIG: 22:13:22 :  Invalid Param: DDR3_CLKFBOUT_MULT ==> 4
MIG: 22:13:23 :  Invalid Param: DDR3_DIVCLK_DIVIDE ==> 1
MIG: 22:13:23 :  Invalid Param: DDR3_CLKOUT0_PHASE ==> 0.0
MIG: 22:13:23 :  Invalid Param: DDR3_CLKOUT0_DIVIDE ==> 1
MIG: 22:13:23 :  Invalid Param: DDR3_CLKOUT1_DIVIDE ==> 2
MIG: 22:13:23 :  Invalid Param: DDR3_CLKOUT2_DIVIDE ==> 32
MIG: 22:13:23 :  Invalid Param: DDR3_CLKOUT3_DIVIDE ==> 8
MIG: 22:13:23 :  Invalid Param: DDR3_MMCM_VCO ==> 800
MIG: 22:13:23 :  Invalid Param: DDR3_MMCM_MULT_F ==> 8
MIG: 22:13:23 :  Invalid Param: DDR3_MMCM_DIVCLK_DIVIDE ==> 1
MIG: 22:13:23 :  Invalid Param: DDR3_tCKE ==> 5000
MIG: 22:13:23 :  Invalid Param: DDR3_tFAW ==> 40000
MIG: 22:13:23 :  Invalid Param: DDR3_tPRDI ==> 1_000_000
MIG: 22:13:23 :  Invalid Param: DDR3_tRAS ==> 35000
MIG: 22:13:23 :  Invalid Param: DDR3_tRCD ==> 13750
MIG: 22:13:23 :  Invalid Param: DDR3_tREFI ==> 7800000
MIG: 22:13:23 :  Invalid Param: DDR3_tRFC ==> 260000
MIG: 22:13:23 :  Invalid Param: DDR3_tRP ==> 13750
MIG: 22:13:23 :  Invalid Param: DDR3_tRRD ==> 7500
MIG: 22:13:23 :  Invalid Param: DDR3_tRTP ==> 7500
MIG: 22:13:23 :  Invalid Param: DDR3_tWTR ==> 7500
MIG: 22:13:23 :  Invalid Param: DDR3_tZQI ==> 128_000_000
MIG: 22:13:23 :  Invalid Param: DDR3_tZQCS ==> 64
MIG: 22:13:23 :  Invalid Param: DDR3_SIM_BYPASS_INIT_CAL ==> "OFF"
MIG: 22:13:23 :  Invalid Param: DDR3_SIMULATION ==> "FALSE"
MIG: 22:13:23 :  Invalid Param: DDR3_BYTE_LANES_B0 ==> 4'b1111
MIG: 22:13:23 :  Invalid Param: DDR3_BYTE_LANES_B1 ==> 4'b0000
MIG: 22:13:23 :  Invalid Param: DDR3_BYTE_LANES_B2 ==> 4'b0000
MIG: 22:13:23 :  Invalid Param: DDR3_BYTE_LANES_B3 ==> 4'b0000
MIG: 22:13:23 :  Invalid Param: DDR3_BYTE_LANES_B4 ==> 4'b0000
MIG: 22:13:23 :  Invalid Param: DDR3_DATA_CTL_B0 ==> 4'b1100
MIG: 22:13:23 :  Invalid Param: DDR3_DATA_CTL_B1 ==> 4'b0000
MIG: 22:13:23 :  Invalid Param: DDR3_DATA_CTL_B2 ==> 4'b0000
MIG: 22:13:23 :  Invalid Param: DDR3_DATA_CTL_B3 ==> 4'b0000
MIG: 22:13:23 :  Invalid Param: DDR3_DATA_CTL_B4 ==> 4'b0000
MIG: 22:13:23 :  Invalid Param: DDR3_PHY_0_BITLANES ==> 48'h3F7_3FE_FFF_BFF
MIG: 22:13:23 :  Invalid Param: DDR3_PHY_1_BITLANES ==> 48'h000_000_000_000
MIG: 22:13:23 :  Invalid Param: DDR3_PHY_2_BITLANES ==> 48'h000_000_000_000
MIG: 22:13:23 :  Invalid Param: DDR3_CK_BYTE_MAP ==> 144'h00_00_00_00_00_00_00_00_00_00_00_00_00_00_00_00_00_00
MIG: 22:13:23 :  Invalid Param: DDR3_ADDR_MAP ==> 192'h000_001_005_009_000_011_007_003_004_008_006_00B_01B_015_002_014
MIG: 22:13:23 :  Invalid Param: DDR3_BANK_MAP ==> 36'h010_013_017
MIG: 22:13:23 :  Invalid Param: DDR3_CAS_MAP ==> 12'h016
MIG: 22:13:23 :  Invalid Param: DDR3_CKE_ODT_BYTE_MAP ==> 8'h00
MIG: 22:13:23 :  Invalid Param: DDR3_CKE_MAP ==> 96'h000_000_000_000_000_000_000_012
MIG: 22:13:23 :  Invalid Param: DDR3_ODT_MAP ==> 96'h000_000_000_000_000_000_000_019
MIG: 22:13:23 :  Invalid Param: DDR3_CS_MAP ==> 120'h000_000_000_000_000_000_000_000_000_000
MIG: 22:13:23 :  Invalid Param: DDR3_PARITY_MAP ==> 12'h000
MIG: 22:13:23 :  Invalid Param: DDR3_RAS_MAP ==> 12'h018
MIG: 22:13:23 :  Invalid Param: DDR3_WE_MAP ==> 12'h01A
MIG: 22:13:23 :  Invalid Param: DDR3_DQS_BYTE_MAP ==> 144'h00_00_00_00_00_00_00_00_00_00_00_00_00_00_00_00_03_02
MIG: 22:13:23 :  Invalid Param: DDR3_DATA0_MAP ==> 96'h025_027_023_029_028_024_021_026
MIG: 22:13:23 :  Invalid Param: DDR3_DATA1_MAP ==> 96'h039_035_038_037_034_031_036_030
MIG: 22:13:23 :  Invalid Param: DDR3_DATA2_MAP ==> 96'h000_000_000_000_000_000_000_000
MIG: 22:13:23 :  Invalid Param: DDR3_DATA3_MAP ==> 96'h000_000_000_000_000_000_000_000
MIG: 22:13:23 :  Invalid Param: DDR3_DATA4_MAP ==> 96'h000_000_000_000_000_000_000_000
MIG: 22:13:23 :  Invalid Param: DDR3_DATA5_MAP ==> 96'h000_000_000_000_000_000_000_000
MIG: 22:13:23 :  Invalid Param: DDR3_DATA6_MAP ==> 96'h000_000_000_000_000_000_000_000
MIG: 22:13:23 :  Invalid Param: DDR3_DATA7_MAP ==> 96'h000_000_000_000_000_000_000_000
MIG: 22:13:23 :  Invalid Param: DDR3_DATA8_MAP ==> 96'h000_000_000_000_000_000_000_000
MIG: 22:13:23 :  Invalid Param: DDR3_DATA9_MAP ==> 96'h000_000_000_000_000_000_000_000
MIG: 22:13:23 :  Invalid Param: DDR3_DATA10_MAP ==> 96'h000_000_000_000_000_000_000_000
MIG: 22:13:23 :  Invalid Param: DDR3_DATA11_MAP ==> 96'h000_000_000_000_000_000_000_000
MIG: 22:13:23 :  Invalid Param: DDR3_DATA12_MAP ==> 96'h000_000_000_000_000_000_000_000
MIG: 22:13:23 :  Invalid Param: DDR3_DATA13_MAP ==> 96'h000_000_000_000_000_000_000_000
MIG: 22:13:23 :  Invalid Param: DDR3_DATA14_MAP ==> 96'h000_000_000_000_000_000_000_000
MIG: 22:13:23 :  Invalid Param: DDR3_DATA15_MAP ==> 96'h000_000_000_000_000_000_000_000
MIG: 22:13:23 :  Invalid Param: DDR3_DATA16_MAP ==> 96'h000_000_000_000_000_000_000_000
MIG: 22:13:23 :  Invalid Param: DDR3_DATA17_MAP ==> 96'h000_000_000_000_000_000_000_000
MIG: 22:13:23 :  Invalid Param: DDR3_MASK0_MAP ==> 108'h000_000_000_000_000_000_000_032_022
MIG: 22:13:23 :  Invalid Param: DDR3_MASK1_MAP ==> 108'h000_000_000_000_000_000_000_000_000
MIG: 22:13:23 :  Invalid Param: DDR3_SLOT_0_CONFIG ==> 8'b0000_0001
MIG: 22:13:23 :  Invalid Param: DDR3_SLOT_1_CONFIG ==> 8'b0000_0000
MIG: 22:13:23 :  Invalid Param: DDR3_IBUF_LPWR_MODE ==> "OFF"
MIG: 22:13:23 :  Invalid Param: DDR3_DATA_IO_IDLE_PWRDWN ==> "ON"
MIG: 22:13:23 :  Invalid Param: DDR3_BANK_TYPE ==> "HR_IO"
MIG: 22:13:23 :  Invalid Param: DDR3_DATA_IO_PRIM_TYPE ==> "HR_LP"
MIG: 22:13:23 :  Invalid Param: DDR3_CKE_ODT_AUX ==> "FALSE"
MIG: 22:13:23 :  Invalid Param: DDR3_USER_REFRESH ==> "OFF"
MIG: 22:13:23 :  Invalid Param: DDR3_WRLVL ==> "ON"
MIG: 22:13:23 :  Invalid Param: DDR3_ORDERING ==> "NORM"
MIG: 22:13:23 :  Invalid Param: DDR3_CALIB_ROW_ADD ==> 16'h0000
MIG: 22:13:23 :  Invalid Param: DDR3_CALIB_COL_ADD ==> 12'h000
MIG: 22:13:23 :  Invalid Param: DDR3_CALIB_BA_ADD ==> 3'h0
MIG: 22:13:23 :  Invalid Param: DDR3_TCQ ==> 100
MIG: 22:13:23 :  Invalid Param: DDR3_IDELAY_ADJ ==> "OFF"
MIG: 22:13:23 :  Invalid Param: DDR3_FINE_PER_BIT ==> "OFF"
MIG: 22:13:23 :  Invalid Param: DDR3_CENTER_COMP_MODE ==> "OFF"
MIG: 22:13:23 :  Invalid Param: DDR3_PI_VAL_ADJ ==> "OFF"
MIG: 22:13:23 :  Invalid Param: DDR3_IODELAY_GRP0 ==> "DESIGN_1_MIG_7SERIES_0_0_IODELAY_MIG0"
MIG: 22:13:23 :  Invalid Param: DDR3_IODELAY_GRP1 ==> "DESIGN_1_MIG_7SERIES_0_0_IODELAY_MIG1"
MIG: 22:13:23 :  Invalid Param: DDR3_SYSCLK_TYPE ==> "NO_BUFFER"
MIG: 22:13:23 :  Invalid Param: DDR3_REFCLK_TYPE ==> "USE_SYSTEM_CLOCK"
MIG: 22:13:23 :  Invalid Param: DDR3_SYS_RST_PORT ==> "FALSE"
MIG: 22:13:23 :  Invalid Param: DDR3_FPGA_SPEED_GRADE ==> 1
MIG: 22:13:23 :  Invalid Param: DDR3_CMD_PIPE_PLUS1 ==> "ON"
MIG: 22:13:23 :  Invalid Param: DDR3_DRAM_TYPE ==> "DDR3"
MIG: 22:13:23 :  Invalid Param: DDR3_CAL_WIDTH ==> "HALF"
MIG: 22:13:23 :  Invalid Param: DDR3_STARVE_LIMIT ==> 2
MIG: 22:13:23 :  Invalid Param: DDR3_REF_CLK_MMCM_IODELAY_CTRL ==> "FALSE"
MIG: 22:13:23 :  Invalid Param: DDR3_REFCLK_FREQ ==> 200.0
MIG: 22:13:23 :  Invalid Param: DDR3_DIFF_TERM_REFCLK ==> "TRUE"
MIG: 22:13:23 :  Invalid Param: DDR3_tCK ==> 2500
MIG: 22:13:23 : 
MIG: 22:13:23 :  Valid Param: DDR3_nCK_PER_CLK ==> 4
MIG: 22:13:23 :  Invalid Param: DDR3_DIFF_TERM_SYSCLK ==> "TRUE"
MIG: 22:13:23 : 
MIG: 22:13:23 :  Valid Param: UI_EXTRA_CLOCKS ==> FALSE
MIG: 22:13:23 : 
MIG: 22:13:23 :  Valid Param: C_S_AXI_ID_WIDTH ==> 2
MIG: 22:13:23 : 
MIG: 22:13:23 :  Valid Param: C_S_AXI_MEM_SIZE ==> 536870912
MIG: 22:13:23 : 
MIG: 22:13:23 :  Valid Param: C_S_AXI_ADDR_WIDTH ==> 29
MIG: 22:13:23 : 
MIG: 22:13:23 :  Valid Param: C_S_AXI_DATA_WIDTH ==> 32
MIG: 22:13:23 :  Invalid Param: DDR3_C_MC_nCK_PER_CLK ==> 4
MIG: 22:13:23 :  Invalid Param: C_S_AXI_SUPPORTS_NARROW_BURST ==> 0
MIG: 22:13:23 :  Invalid Param: DDR3_C_RD_WR_ARB_ALGORITHM ==> "RD_PRI_REG"
MIG: 22:13:23 :  Invalid Param: C_S_AXI_REG_EN0 ==> 20'h00000
MIG: 22:13:23 :  Invalid Param: C_S_AXI_REG_EN1 ==> 20'h00000
MIG: 22:13:23 : 
MIG: 22:13:23 :  Valid Param: C_S_AXI_CTRL_ADDR_WIDTH ==> 32
MIG: 22:13:23 : 
MIG: 22:13:23 :  Valid Param: C_S_AXI_CTRL_DATA_WIDTH ==> 32
MIG: 22:13:23 :  Invalid Param: C_S_AXI_BASEADDR ==> 32'h0000_0000
MIG: 22:13:23 :  Invalid Param: C_ECC_ONOFF_RESET_VALUE ==> 1
MIG: 22:13:23 :  Invalid Param: C_ECC_CE_COUNTER_WIDTH ==> 8
MIG: 22:13:23 : 
MIG: 22:13:23 :  Valid Param: DDR3_DEBUG_PORT ==> OFF
MIG: 22:13:23 : 
MIG: 22:13:23 :  Invalid Param: DDR3_TEMP_MON_CONTROL ==> "INTERNAL"
MIG: 22:13:23 :  Invalid Param: DDR3_FPGA_VOLT_TYPE ==> "N"
MIG: 22:13:23 :  Invalid Param: DDR3_RST_ACT_LOW ==> 1
MIG: 22:13:23 : 
MIG: 22:13:23 : 
MIG: 22:13:23 : 
MIG: 22:13:23 : Same Interface
MIG: 22:17:33 : Running synthesis.xit
MIG: 22:17:33 : IGN:     <ModuleName>system_mig_7series_0_0</ModuleName> <==>     <ModuleName>design_1_mig_7series_0_0</ModuleName> 
MIG: 22:17:33 : ERR:     <Version>2.1</Version> <==>     <Version>4.0</Version> 
MIG: 22:17:33 : ################# RUNNING MIG BATCH ###################
MIG: 22:17:33 : Writing IN file for 'design_1_mig_7series_0_0'...compDirPath: c:/Xilinx/Vivado/2017.2/data/ip/xilinx/mig_7series_v4_0... instDirPath: c:/Xilinx/ECE532/ethernet_tutorial/ethernet_tutorial.srcs/sources_1/bd/design_1/ip/design_1_mig_7series_0_0
MIG: 22:17:33 : synp_flow:  -- synthesis_mode: Other
MIG: 22:17:33 : outputDirectory: c:/Xilinx/ECE532/ethernet_tutorial/ethernet_tutorial.srcs/sources_1/bd/design_1/ip/design_1_mig_7series_0_0/_tmp/
MIG: 22:17:33 : vivado_mode: xpg_bd
MIG: 22:17:33 : isPortInterface: 0
MIG: 22:17:33 : isPortInterface: 0
MIG: 22:17:33 : isPortInterface: 0
MIG: 22:17:33 : isPortInterface: 0
MIG: 22:17:33 : isPortInterface: 0
MIG: 22:17:33 : isPortInterface: 0
MIG: 22:17:33 : isPortInterface: 0
MIG: 22:17:33 : isPortInterface: 0
MIG: 22:17:33 : isPortInterface: 0
MIG: 22:17:33 : isPortInterface: 0
MIG: 22:17:33 : isPortInterface: 0
MIG: 22:17:33 : isPortInterface: 0
MIG: 22:17:33 : isPortInterface: 0
MIG: 22:17:33 : isPortInterface: 0
MIG: 22:17:33 : isPortInterface: 0
MIG: 22:17:33 : isPortInterface: 0
MIG: 22:17:33 : isPortInterface: 0
MIG: 22:17:33 : isPortInterface: 0
MIG: 22:17:33 : isPortInterface: 0
MIG: 22:17:33 : isPortInterface: 0
MIG: 22:17:33 : isPortInterface: 0
MIG: 22:17:33 : isPortInterface: 0
MIG: 22:17:33 : isPortInterface: 0
MIG: 22:17:33 : isPortInterface: 0
MIG: 22:17:34 : isPortInterface: 0
MIG: 22:17:34 : isPortInterface: 0
MIG: 22:17:34 : isPortInterface: 0
MIG: 22:17:34 : isPortInterface: 0
MIG: 22:17:34 : isPortInterface: 0
MIG: 22:17:34 : isPortInterface: 0
MIG: 22:17:34 : isPortInterface: 0
MIG: 22:17:34 : isPortInterface: 0
MIG: 22:17:34 : isPortInterface: 0
MIG: 22:17:34 : isPortInterface: 0
MIG: 22:17:34 : isPortInterface: 0
MIG: 22:17:34 : isPortInterface: 0
MIG: 22:17:34 : isPortInterface: 0
MIG: 22:17:34 : isPortInterface: 0
MIG: 22:17:34 : isPortInterface: 0
MIG: 22:17:34 : isPortInterface: 0
MIG: 22:17:34 : isPortInterface: 0
MIG: 22:17:34 : isPortInterface: 0
MIG: 22:17:34 : isPortInterface: 0
MIG: 22:17:34 : isPortInterface: 0
MIG: 22:17:34 : isPortInterface: 0
MIG: 22:17:34 : isPortInterface: 0
MIG: 22:17:34 : isPortInterface: 0
MIG: 22:17:34 : isPortInterface: 0
MIG: 22:17:34 : isPortInterface: 0
MIG: 22:17:34 : isPortInterface: 0
MIG: 22:17:34 : isPortInterface: 0
MIG: 22:17:34 : isPortInterface: 0
MIG: 22:17:34 : isPortInterface: 0
MIG: 22:17:34 : isPortInterface: 0
MIG: 22:17:34 : isPortInterface: 0
MIG: 22:17:34 : isPortInterface: 0
MIG: 22:17:34 : isPortInterface: 0
MIG: 22:17:34 : isPortInterface: 0
MIG: 22:17:34 : isPortInterface: 0
MIG: 22:17:34 : isPortInterface: 0
MIG: 22:17:34 : isPortInterface: 0
MIG: 22:17:34 : isPortInterface: 0
MIG: 22:17:34 : isPortInterface: 0
MIG: 22:17:34 : isPortInterface: 0
MIG: 22:17:34 : isPortInterface: 0
MIG: 22:17:34 : isPortInterface: 0
MIG: 22:17:34 : isPortInterface: 0
MIG: 22:17:34 : isPortInterface: 0
MIG: 22:17:34 : isPortInterface: 0
MIG: 22:17:34 : isPortInterface: 0
MIG: 22:17:34 : isPortInterface: 0
MIG: 22:17:34 : isPortInterface: 0
MIG: 22:17:34 : isPortInterface: 0
MIG: 22:17:34 : isPortInterface: 0
MIG: 22:17:34 : isPortInterface: 0
MIG: 22:17:34 : isPortInterface: 0
MIG: 22:17:34 : isPortInterface: 0
MIG: 22:17:34 : isPortInterface: 0
MIG: 22:17:34 : isPortInterface: 0
MIG: 22:17:34 : isPortInterface: 0
MIG: 22:17:34 : isPortInterface: 0
MIG: 22:17:34 : isPortInterface: 0
MIG: 22:17:34 : isPortInterface: 0
MIG: 22:17:34 : isPortInterface: 0
MIG: 22:17:34 : isPortInterface: 0
MIG: 22:17:34 : isPortInterface: 0
MIG: 22:17:34 : isPortInterface: 0
MIG: 22:17:34 : isPortInterface: 0
MIG: 22:17:34 : isPortInterface: 0
MIG: 22:17:34 : isPortInterface: 0
MIG: 22:17:34 : isPortInterface: 0
MIG: 22:17:34 : isPortInterface: 0
MIG: 22:17:34 : isPortInterface: 0
MIG: 22:17:34 : isPortInterface: 0
MIG: 22:17:34 : isPortInterface: 0
MIG: 22:17:34 : isPortInterface: 0
MIG: 22:17:34 : isPortInterface: 0
MIG: 22:17:34 : isPortInterface: 0
MIG: 22:17:34 : isPortInterface: 0
MIG: 22:17:34 : isPortInterface: 0
MIG: 22:17:34 : isPortInterface: 0
MIG: 22:17:34 : isPortInterface: 0
MIG: 22:17:34 : isPortInterface: 0
MIG: 22:17:34 : isPortInterface: 0
MIG: 22:17:34 : isPortInterface: 0
MIG: 22:17:34 : isPortInterface: 0
MIG: 22:17:34 : isPortInterface: 0
MIG: 22:17:34 : isPortInterface: 0
MIG: 22:17:34 : isPortInterface: 0
MIG: 22:17:34 : isPortInterface: 0
MIG: 22:17:34 : isPortInterface: 0
MIG: 22:17:34 : isPortInterface: 0
MIG: 22:17:34 : isPortInterface: 0
MIG: 22:17:34 : isPortInterface: 0
MIG: 22:17:34 : isPortInterface: 0
MIG: 22:17:34 : isPortInterface: 0
MIG: 22:17:34 : isPortInterface: 0
MIG: 22:17:34 : isPortInterface: 0
MIG: 22:17:34 : isPortInterface: 0
MIG: 22:17:34 : isPortInterface: 0
MIG: 22:17:34 : isPortInterface: 0
MIG: 22:17:34 : isPortInterface: 0
MIG: 22:17:34 : isPortInterface: 1
MIG: 22:17:34 : isPortInterface: 0
MIG: 22:17:34 : isPortInterface: 0
MIG: 22:17:34 : isPortInterface: 0
MIG: 22:17:34 : isPortInterface: 0
MIG: 22:17:34 : isPortInterface: 0
MIG: 22:17:34 : isPortInterface: 0
MIG: 22:17:34 : isPortInterface: 0
MIG: 22:17:34 : isPortInterface: 0
MIG: 22:17:34 : isPortInterface: 0
MIG: 22:17:34 : isPortInterface: 0
MIG: 22:17:34 :  locked false  
MIG: 22:17:34 : HDL Language: Verilog
MIG: 22:17:34 : compInfo: false
MIG: 22:17:34 : Vivado Options xc7a200t sbg484 -1
MIG: 22:17:34 : 1: xc7a200t 2: sbg484 3: -1
MIG: 22:17:34 : relative mig path: coregen/ip/xilinx/other/com/xilinx/ip/mig_7series_v4_0/bin/nt64/mig.exe
MIG: 22:17:34 : xilinx_path: C:/Xilinx/Vivado/2017.2/ids_lite/ISE
MIG: 22:17:34 : I am in catch area
MIG: 22:17:34 : Running C:/Xilinx/Vivado/2017.2/ids_lite/ISE/coregen/ip/xilinx/other/com/xilinx/ip/mig_7series_v4_0/bin/nt64/mig.exe -cg_exc_inp c:/Xilinx/ECE532/ethernet_tutorial/ethernet_tutorial.srcs/sources_1/bd/design_1/ip/design_1_mig_7series_0_0/xil_txt.in -cg_exc_out c:/Xilinx/ECE532/ethernet_tutorial/ethernet_tutorial.srcs/sources_1/bd/design_1/ip/design_1_mig_7series_0_0/xil_txt.out ... 
MIG: 22:17:47 : XML_INPUT_FILE: c:/Xilinx/ECE532/ethernet_tutorial/ethernet_tutorial.srcs/sources_1/bd/design_1/ip/design_1_mig_7series_0_0/board.prj
MIG: 22:17:47 : Component_Name: design_1_mig_7series_0_0
MIG: 22:17:47 : Moving design_1_mig_7series_0_0 ...
MIG: 22:17:47 : Moving design_1_mig_7series_0_0.veo ...
MIG: 22:17:47 : Moving design_1_mig_7series_0_0_xmdf.tcl ...
MIG: 22:17:47 : Running vlog_synth_rpr.xit
MIG: 22:17:47 : IGN:     <ModuleName>system_mig_7series_0_0</ModuleName> <==>     <ModuleName>design_1_mig_7series_0_0</ModuleName> 
MIG: 22:17:47 : ERR:     <Version>2.1</Version> <==>     <Version>4.0</Version> 
MIG: 22:17:47 : ################# RUNNING MIG BATCH ###################
MIG: 22:17:47 : Writing IN file for 'design_1_mig_7series_0_0'...compDirPath: c:/Xilinx/Vivado/2017.2/data/ip/xilinx/mig_7series_v4_0... instDirPath: c:/Xilinx/ECE532/ethernet_tutorial/ethernet_tutorial.srcs/sources_1/bd/design_1/ip/design_1_mig_7series_0_0
MIG: 22:17:47 : synp_flow:  -- synthesis_mode: Other
MIG: 22:17:47 : outputDirectory: c:/Xilinx/ECE532/ethernet_tutorial/ethernet_tutorial.srcs/sources_1/bd/design_1/ip/design_1_mig_7series_0_0/_tmp/
MIG: 22:17:47 : vivado_mode: xpg_bd
MIG: 22:17:47 : isPortInterface: 0
MIG: 22:17:47 : isPortInterface: 0
MIG: 22:17:47 : isPortInterface: 0
MIG: 22:17:47 : isPortInterface: 0
MIG: 22:17:47 : isPortInterface: 0
MIG: 22:17:47 : isPortInterface: 0
MIG: 22:17:47 : isPortInterface: 0
MIG: 22:17:47 : isPortInterface: 0
MIG: 22:17:47 : isPortInterface: 0
MIG: 22:17:47 : isPortInterface: 0
MIG: 22:17:47 : isPortInterface: 0
MIG: 22:17:47 : isPortInterface: 0
MIG: 22:17:47 : isPortInterface: 0
MIG: 22:17:47 : isPortInterface: 0
MIG: 22:17:47 : isPortInterface: 0
MIG: 22:17:47 : isPortInterface: 0
MIG: 22:17:47 : isPortInterface: 0
MIG: 22:17:47 : isPortInterface: 0
MIG: 22:17:47 : isPortInterface: 0
MIG: 22:17:47 : isPortInterface: 0
MIG: 22:17:47 : isPortInterface: 0
MIG: 22:17:47 : isPortInterface: 0
MIG: 22:17:47 : isPortInterface: 0
MIG: 22:17:47 : isPortInterface: 0
MIG: 22:17:47 : isPortInterface: 0
MIG: 22:17:47 : isPortInterface: 0
MIG: 22:17:47 : isPortInterface: 0
MIG: 22:17:47 : isPortInterface: 0
MIG: 22:17:47 : isPortInterface: 0
MIG: 22:17:47 : isPortInterface: 0
MIG: 22:17:47 : isPortInterface: 0
MIG: 22:17:47 : isPortInterface: 0
MIG: 22:17:47 : isPortInterface: 0
MIG: 22:17:47 : isPortInterface: 0
MIG: 22:17:47 : isPortInterface: 0
MIG: 22:17:47 : isPortInterface: 0
MIG: 22:17:47 : isPortInterface: 0
MIG: 22:17:47 : isPortInterface: 0
MIG: 22:17:47 : isPortInterface: 0
MIG: 22:17:47 : isPortInterface: 0
MIG: 22:17:48 : isPortInterface: 0
MIG: 22:17:48 : isPortInterface: 0
MIG: 22:17:48 : isPortInterface: 0
MIG: 22:17:48 : isPortInterface: 0
MIG: 22:17:48 : isPortInterface: 0
MIG: 22:17:48 : isPortInterface: 0
MIG: 22:17:48 : isPortInterface: 0
MIG: 22:17:48 : isPortInterface: 0
MIG: 22:17:48 : isPortInterface: 0
MIG: 22:17:48 : isPortInterface: 0
MIG: 22:17:48 : isPortInterface: 0
MIG: 22:17:48 : isPortInterface: 0
MIG: 22:17:48 : isPortInterface: 0
MIG: 22:17:48 : isPortInterface: 0
MIG: 22:17:48 : isPortInterface: 0
MIG: 22:17:48 : isPortInterface: 0
MIG: 22:17:48 : isPortInterface: 0
MIG: 22:17:48 : isPortInterface: 0
MIG: 22:17:48 : isPortInterface: 0
MIG: 22:17:48 : isPortInterface: 0
MIG: 22:17:48 : isPortInterface: 0
MIG: 22:17:48 : isPortInterface: 0
MIG: 22:17:48 : isPortInterface: 0
MIG: 22:17:48 : isPortInterface: 0
MIG: 22:17:48 : isPortInterface: 0
MIG: 22:17:48 : isPortInterface: 0
MIG: 22:17:48 : isPortInterface: 0
MIG: 22:17:48 : isPortInterface: 0
MIG: 22:17:48 : isPortInterface: 0
MIG: 22:17:48 : isPortInterface: 0
MIG: 22:17:48 : isPortInterface: 0
MIG: 22:17:48 : isPortInterface: 0
MIG: 22:17:48 : isPortInterface: 0
MIG: 22:17:48 : isPortInterface: 0
MIG: 22:17:48 : isPortInterface: 0
MIG: 22:17:48 : isPortInterface: 0
MIG: 22:17:48 : isPortInterface: 0
MIG: 22:17:48 : isPortInterface: 0
MIG: 22:17:48 : isPortInterface: 0
MIG: 22:17:48 : isPortInterface: 0
MIG: 22:17:48 : isPortInterface: 0
MIG: 22:17:48 : isPortInterface: 0
MIG: 22:17:48 : isPortInterface: 0
MIG: 22:17:48 : isPortInterface: 0
MIG: 22:17:48 : isPortInterface: 0
MIG: 22:17:48 : isPortInterface: 0
MIG: 22:17:48 : isPortInterface: 0
MIG: 22:17:48 : isPortInterface: 0
MIG: 22:17:48 : isPortInterface: 0
MIG: 22:17:48 : isPortInterface: 0
MIG: 22:17:48 : isPortInterface: 0
MIG: 22:17:48 : isPortInterface: 0
MIG: 22:17:48 : isPortInterface: 0
MIG: 22:17:48 : isPortInterface: 0
MIG: 22:17:48 : isPortInterface: 0
MIG: 22:17:48 : isPortInterface: 0
MIG: 22:17:48 : isPortInterface: 0
MIG: 22:17:48 : isPortInterface: 0
MIG: 22:17:48 : isPortInterface: 0
MIG: 22:17:48 : isPortInterface: 0
MIG: 22:17:48 : isPortInterface: 0
MIG: 22:17:48 : isPortInterface: 0
MIG: 22:17:48 : isPortInterface: 0
MIG: 22:17:48 : isPortInterface: 0
MIG: 22:17:48 : isPortInterface: 0
MIG: 22:17:48 : isPortInterface: 0
MIG: 22:17:48 : isPortInterface: 0
MIG: 22:17:48 : isPortInterface: 0
MIG: 22:17:48 : isPortInterface: 0
MIG: 22:17:48 : isPortInterface: 0
MIG: 22:17:48 : isPortInterface: 0
MIG: 22:17:48 : isPortInterface: 0
MIG: 22:17:48 : isPortInterface: 0
MIG: 22:17:48 : isPortInterface: 0
MIG: 22:17:48 : isPortInterface: 0
MIG: 22:17:48 : isPortInterface: 0
MIG: 22:17:48 : isPortInterface: 0
MIG: 22:17:48 : isPortInterface: 0
MIG: 22:17:48 : isPortInterface: 0
MIG: 22:17:48 : isPortInterface: 0
MIG: 22:17:48 : isPortInterface: 0
MIG: 22:17:48 : isPortInterface: 0
MIG: 22:17:48 : isPortInterface: 1
MIG: 22:17:48 : isPortInterface: 0
MIG: 22:17:48 : isPortInterface: 0
MIG: 22:17:48 : isPortInterface: 0
MIG: 22:17:48 : isPortInterface: 0
MIG: 22:17:48 : isPortInterface: 0
MIG: 22:17:48 : isPortInterface: 0
MIG: 22:17:48 : isPortInterface: 0
MIG: 22:17:48 : isPortInterface: 0
MIG: 22:17:48 : isPortInterface: 0
MIG: 22:17:48 : isPortInterface: 0
MIG: 22:17:48 :  locked false  
MIG: 22:17:48 : HDL Language: Verilog
MIG: 22:17:48 : compInfo: false
MIG: 22:17:48 : Vivado Options xc7a200t sbg484 -1
MIG: 22:17:48 : 1: xc7a200t 2: sbg484 3: -1
MIG: 22:17:48 : relative mig path: coregen/ip/xilinx/other/com/xilinx/ip/mig_7series_v4_0/bin/nt64/mig.exe
MIG: 22:17:48 : xilinx_path: C:/Xilinx/Vivado/2017.2/ids_lite/ISE
MIG: 22:17:48 : I am in catch area
MIG: 22:17:48 : Running C:/Xilinx/Vivado/2017.2/ids_lite/ISE/coregen/ip/xilinx/other/com/xilinx/ip/mig_7series_v4_0/bin/nt64/mig.exe -cg_exc_inp c:/Xilinx/ECE532/ethernet_tutorial/ethernet_tutorial.srcs/sources_1/bd/design_1/ip/design_1_mig_7series_0_0/xil_txt.in -cg_exc_out c:/Xilinx/ECE532/ethernet_tutorial/ethernet_tutorial.srcs/sources_1/bd/design_1/ip/design_1_mig_7series_0_0/xil_txt.out ... 
MIG: 22:18:01 : XML_INPUT_FILE: c:/Xilinx/ECE532/ethernet_tutorial/ethernet_tutorial.srcs/sources_1/bd/design_1/ip/design_1_mig_7series_0_0/board.prj
MIG: 22:18:01 : Component_Name: design_1_mig_7series_0_0
MIG: 22:18:01 : Moving design_1_mig_7series_0_0 ...
MIG: 22:18:01 : Moving design_1_mig_7series_0_0.veo ...
MIG: 22:18:01 : Moving design_1_mig_7series_0_0_xmdf.tcl ...
MIG: 22:18:01 : Running simulation.xit
MIG: 22:18:01 : IGN:     <ModuleName>system_mig_7series_0_0</ModuleName> <==>     <ModuleName>design_1_mig_7series_0_0</ModuleName> 
MIG: 22:18:01 : ERR:     <Version>2.1</Version> <==>     <Version>4.0</Version> 
MIG: 22:18:01 : ################# RUNNING MIG BATCH ###################
MIG: 22:18:01 : Writing IN file for 'design_1_mig_7series_0_0'...compDirPath: c:/Xilinx/Vivado/2017.2/data/ip/xilinx/mig_7series_v4_0... instDirPath: c:/Xilinx/ECE532/ethernet_tutorial/ethernet_tutorial.srcs/sources_1/bd/design_1/ip/design_1_mig_7series_0_0
MIG: 22:18:01 : synp_flow:  -- synthesis_mode: Other
MIG: 22:18:01 : outputDirectory: c:/Xilinx/ECE532/ethernet_tutorial/ethernet_tutorial.srcs/sources_1/bd/design_1/ip/design_1_mig_7series_0_0/_tmp/
MIG: 22:18:01 : vivado_mode: xpg_bd
MIG: 22:18:01 : isPortInterface: 0
MIG: 22:18:01 : isPortInterface: 0
MIG: 22:18:01 : isPortInterface: 0
MIG: 22:18:01 : isPortInterface: 0
MIG: 22:18:01 : isPortInterface: 0
MIG: 22:18:01 : isPortInterface: 0
MIG: 22:18:01 : isPortInterface: 0
MIG: 22:18:01 : isPortInterface: 0
MIG: 22:18:01 : isPortInterface: 0
MIG: 22:18:01 : isPortInterface: 0
MIG: 22:18:01 : isPortInterface: 0
MIG: 22:18:01 : isPortInterface: 0
MIG: 22:18:01 : isPortInterface: 0
MIG: 22:18:01 : isPortInterface: 0
MIG: 22:18:01 : isPortInterface: 0
MIG: 22:18:01 : isPortInterface: 0
MIG: 22:18:01 : isPortInterface: 0
MIG: 22:18:01 : isPortInterface: 0
MIG: 22:18:01 : isPortInterface: 0
MIG: 22:18:01 : isPortInterface: 0
MIG: 22:18:01 : isPortInterface: 0
MIG: 22:18:01 : isPortInterface: 0
MIG: 22:18:01 : isPortInterface: 0
MIG: 22:18:01 : isPortInterface: 0
MIG: 22:18:01 : isPortInterface: 0
MIG: 22:18:01 : isPortInterface: 0
MIG: 22:18:01 : isPortInterface: 0
MIG: 22:18:01 : isPortInterface: 0
MIG: 22:18:01 : isPortInterface: 0
MIG: 22:18:01 : isPortInterface: 0
MIG: 22:18:01 : isPortInterface: 0
MIG: 22:18:01 : isPortInterface: 0
MIG: 22:18:01 : isPortInterface: 0
MIG: 22:18:01 : isPortInterface: 0
MIG: 22:18:01 : isPortInterface: 0
MIG: 22:18:01 : isPortInterface: 0
MIG: 22:18:01 : isPortInterface: 0
MIG: 22:18:01 : isPortInterface: 0
MIG: 22:18:01 : isPortInterface: 0
MIG: 22:18:01 : isPortInterface: 0
MIG: 22:18:01 : isPortInterface: 0
MIG: 22:18:01 : isPortInterface: 0
MIG: 22:18:01 : isPortInterface: 0
MIG: 22:18:01 : isPortInterface: 0
MIG: 22:18:01 : isPortInterface: 0
MIG: 22:18:01 : isPortInterface: 0
MIG: 22:18:01 : isPortInterface: 0
MIG: 22:18:01 : isPortInterface: 0
MIG: 22:18:01 : isPortInterface: 0
MIG: 22:18:01 : isPortInterface: 0
MIG: 22:18:01 : isPortInterface: 0
MIG: 22:18:01 : isPortInterface: 0
MIG: 22:18:01 : isPortInterface: 0
MIG: 22:18:01 : isPortInterface: 0
MIG: 22:18:01 : isPortInterface: 0
MIG: 22:18:01 : isPortInterface: 0
MIG: 22:18:01 : isPortInterface: 0
MIG: 22:18:02 : isPortInterface: 0
MIG: 22:18:02 : isPortInterface: 0
MIG: 22:18:02 : isPortInterface: 0
MIG: 22:18:02 : isPortInterface: 0
MIG: 22:18:02 : isPortInterface: 0
MIG: 22:18:02 : isPortInterface: 0
MIG: 22:18:02 : isPortInterface: 0
MIG: 22:18:02 : isPortInterface: 0
MIG: 22:18:02 : isPortInterface: 0
MIG: 22:18:02 : isPortInterface: 0
MIG: 22:18:02 : isPortInterface: 0
MIG: 22:18:02 : isPortInterface: 0
MIG: 22:18:02 : isPortInterface: 0
MIG: 22:18:02 : isPortInterface: 0
MIG: 22:18:02 : isPortInterface: 0
MIG: 22:18:02 : isPortInterface: 0
MIG: 22:18:02 : isPortInterface: 0
MIG: 22:18:02 : isPortInterface: 0
MIG: 22:18:02 : isPortInterface: 0
MIG: 22:18:02 : isPortInterface: 0
MIG: 22:18:02 : isPortInterface: 0
MIG: 22:18:02 : isPortInterface: 0
MIG: 22:18:02 : isPortInterface: 0
MIG: 22:18:02 : isPortInterface: 0
MIG: 22:18:02 : isPortInterface: 0
MIG: 22:18:02 : isPortInterface: 0
MIG: 22:18:02 : isPortInterface: 0
MIG: 22:18:02 : isPortInterface: 0
MIG: 22:18:02 : isPortInterface: 0
MIG: 22:18:02 : isPortInterface: 0
MIG: 22:18:02 : isPortInterface: 0
MIG: 22:18:02 : isPortInterface: 0
MIG: 22:18:02 : isPortInterface: 0
MIG: 22:18:02 : isPortInterface: 0
MIG: 22:18:02 : isPortInterface: 0
MIG: 22:18:02 : isPortInterface: 0
MIG: 22:18:02 : isPortInterface: 0
MIG: 22:18:02 : isPortInterface: 0
MIG: 22:18:02 : isPortInterface: 0
MIG: 22:18:02 : isPortInterface: 0
MIG: 22:18:02 : isPortInterface: 0
MIG: 22:18:02 : isPortInterface: 0
MIG: 22:18:02 : isPortInterface: 0
MIG: 22:18:02 : isPortInterface: 0
MIG: 22:18:02 : isPortInterface: 0
MIG: 22:18:02 : isPortInterface: 0
MIG: 22:18:02 : isPortInterface: 0
MIG: 22:18:02 : isPortInterface: 0
MIG: 22:18:02 : isPortInterface: 0
MIG: 22:18:02 : isPortInterface: 0
MIG: 22:18:02 : isPortInterface: 0
MIG: 22:18:02 : isPortInterface: 0
MIG: 22:18:02 : isPortInterface: 0
MIG: 22:18:02 : isPortInterface: 0
MIG: 22:18:02 : isPortInterface: 0
MIG: 22:18:02 : isPortInterface: 0
MIG: 22:18:02 : isPortInterface: 0
MIG: 22:18:02 : isPortInterface: 0
MIG: 22:18:02 : isPortInterface: 0
MIG: 22:18:02 : isPortInterface: 0
MIG: 22:18:02 : isPortInterface: 0
MIG: 22:18:02 : isPortInterface: 0
MIG: 22:18:02 : isPortInterface: 0
MIG: 22:18:02 : isPortInterface: 0
MIG: 22:18:02 : isPortInterface: 0
MIG: 22:18:02 : isPortInterface: 1
MIG: 22:18:02 : isPortInterface: 0
MIG: 22:18:02 : isPortInterface: 0
MIG: 22:18:02 : isPortInterface: 0
MIG: 22:18:02 : isPortInterface: 0
MIG: 22:18:02 : isPortInterface: 0
MIG: 22:18:02 : isPortInterface: 0
MIG: 22:18:02 : isPortInterface: 0
MIG: 22:18:02 : isPortInterface: 0
MIG: 22:18:02 : isPortInterface: 0
MIG: 22:18:02 : isPortInterface: 0
MIG: 22:18:02 :  locked false  
MIG: 22:18:02 : HDL Language: Verilog
MIG: 22:18:02 : compInfo: false
MIG: 22:18:02 : Vivado Options xc7a200t sbg484 -1
MIG: 22:18:02 : 1: xc7a200t 2: sbg484 3: -1
MIG: 22:18:02 : relative mig path: coregen/ip/xilinx/other/com/xilinx/ip/mig_7series_v4_0/bin/nt64/mig.exe
MIG: 22:18:02 : xilinx_path: C:/Xilinx/Vivado/2017.2/ids_lite/ISE
MIG: 22:18:02 : I am in catch area
MIG: 22:18:02 : Running C:/Xilinx/Vivado/2017.2/ids_lite/ISE/coregen/ip/xilinx/other/com/xilinx/ip/mig_7series_v4_0/bin/nt64/mig.exe -cg_exc_inp c:/Xilinx/ECE532/ethernet_tutorial/ethernet_tutorial.srcs/sources_1/bd/design_1/ip/design_1_mig_7series_0_0/xil_txt.in -cg_exc_out c:/Xilinx/ECE532/ethernet_tutorial/ethernet_tutorial.srcs/sources_1/bd/design_1/ip/design_1_mig_7series_0_0/xil_txt.out ... 
MIG: 22:18:14 : XML_INPUT_FILE: c:/Xilinx/ECE532/ethernet_tutorial/ethernet_tutorial.srcs/sources_1/bd/design_1/ip/design_1_mig_7series_0_0/board.prj
MIG: 22:18:14 : Component_Name: design_1_mig_7series_0_0
MIG: 22:18:14 : Moving design_1_mig_7series_0_0 ...
MIG: 22:18:14 : Moving design_1_mig_7series_0_0.veo ...
MIG: 22:18:14 : Moving design_1_mig_7series_0_0_xmdf.tcl ...
MIG: 22:18:15 : Running vlog_sim_rpr.xit .. PRASAD DBG1
MIG: 22:18:15 : IGN:     <ModuleName>system_mig_7series_0_0</ModuleName> <==>     <ModuleName>design_1_mig_7series_0_0</ModuleName> 
MIG: 22:18:15 : ERR:     <Version>2.1</Version> <==>     <Version>4.0</Version> 
MIG: 22:18:15 : ################# RUNNING MIG BATCH ###################
MIG: 22:18:15 : Writing IN file for 'design_1_mig_7series_0_0'...compDirPath: c:/Xilinx/Vivado/2017.2/data/ip/xilinx/mig_7series_v4_0... instDirPath: c:/Xilinx/ECE532/ethernet_tutorial/ethernet_tutorial.srcs/sources_1/bd/design_1/ip/design_1_mig_7series_0_0
MIG: 22:18:15 : synp_flow:  -- synthesis_mode: Other
MIG: 22:18:15 : outputDirectory: c:/Xilinx/ECE532/ethernet_tutorial/ethernet_tutorial.srcs/sources_1/bd/design_1/ip/design_1_mig_7series_0_0/_tmp/
MIG: 22:18:15 : vivado_mode: xpg_bd
MIG: 22:18:15 : isPortInterface: 0
MIG: 22:18:15 : isPortInterface: 0
MIG: 22:18:15 : isPortInterface: 0
MIG: 22:18:15 : isPortInterface: 0
MIG: 22:18:15 : isPortInterface: 0
MIG: 22:18:15 : isPortInterface: 0
MIG: 22:18:15 : isPortInterface: 0
MIG: 22:18:15 : isPortInterface: 0
MIG: 22:18:15 : isPortInterface: 0
MIG: 22:18:15 : isPortInterface: 0
MIG: 22:18:15 : isPortInterface: 0
MIG: 22:18:15 : isPortInterface: 0
MIG: 22:18:15 : isPortInterface: 0
MIG: 22:18:15 : isPortInterface: 0
MIG: 22:18:15 : isPortInterface: 0
MIG: 22:18:15 : isPortInterface: 0
MIG: 22:18:15 : isPortInterface: 0
MIG: 22:18:15 : isPortInterface: 0
MIG: 22:18:15 : isPortInterface: 0
MIG: 22:18:15 : isPortInterface: 0
MIG: 22:18:15 : isPortInterface: 0
MIG: 22:18:15 : isPortInterface: 0
MIG: 22:18:15 : isPortInterface: 0
MIG: 22:18:15 : isPortInterface: 0
MIG: 22:18:15 : isPortInterface: 0
MIG: 22:18:15 : isPortInterface: 0
MIG: 22:18:15 : isPortInterface: 0
MIG: 22:18:15 : isPortInterface: 0
MIG: 22:18:15 : isPortInterface: 0
MIG: 22:18:15 : isPortInterface: 0
MIG: 22:18:15 : isPortInterface: 0
MIG: 22:18:15 : isPortInterface: 0
MIG: 22:18:15 : isPortInterface: 0
MIG: 22:18:15 : isPortInterface: 0
MIG: 22:18:15 : isPortInterface: 0
MIG: 22:18:15 : isPortInterface: 0
MIG: 22:18:15 : isPortInterface: 0
MIG: 22:18:15 : isPortInterface: 0
MIG: 22:18:15 : isPortInterface: 0
MIG: 22:18:15 : isPortInterface: 0
MIG: 22:18:15 : isPortInterface: 0
MIG: 22:18:15 : isPortInterface: 0
MIG: 22:18:15 : isPortInterface: 0
MIG: 22:18:15 : isPortInterface: 0
MIG: 22:18:15 : isPortInterface: 0
MIG: 22:18:15 : isPortInterface: 0
MIG: 22:18:15 : isPortInterface: 0
MIG: 22:18:15 : isPortInterface: 0
MIG: 22:18:15 : isPortInterface: 0
MIG: 22:18:15 : isPortInterface: 0
MIG: 22:18:15 : isPortInterface: 0
MIG: 22:18:15 : isPortInterface: 0
MIG: 22:18:15 : isPortInterface: 0
MIG: 22:18:15 : isPortInterface: 0
MIG: 22:18:15 : isPortInterface: 0
MIG: 22:18:15 : isPortInterface: 0
MIG: 22:18:15 : isPortInterface: 0
MIG: 22:18:15 : isPortInterface: 0
MIG: 22:18:15 : isPortInterface: 0
MIG: 22:18:15 : isPortInterface: 0
MIG: 22:18:15 : isPortInterface: 0
MIG: 22:18:15 : isPortInterface: 0
MIG: 22:18:15 : isPortInterface: 0
MIG: 22:18:15 : isPortInterface: 0
MIG: 22:18:15 : isPortInterface: 0
MIG: 22:18:15 : isPortInterface: 0
MIG: 22:18:15 : isPortInterface: 0
MIG: 22:18:15 : isPortInterface: 0
MIG: 22:18:15 : isPortInterface: 0
MIG: 22:18:15 : isPortInterface: 0
MIG: 22:18:15 : isPortInterface: 0
MIG: 22:18:15 : isPortInterface: 0
MIG: 22:18:15 : isPortInterface: 0
MIG: 22:18:15 : isPortInterface: 0
MIG: 22:18:15 : isPortInterface: 0
MIG: 22:18:15 : isPortInterface: 0
MIG: 22:18:15 : isPortInterface: 0
MIG: 22:18:15 : isPortInterface: 0
MIG: 22:18:15 : isPortInterface: 0
MIG: 22:18:15 : isPortInterface: 0
MIG: 22:18:15 : isPortInterface: 0
MIG: 22:18:15 : isPortInterface: 0
MIG: 22:18:15 : isPortInterface: 0
MIG: 22:18:15 : isPortInterface: 0
MIG: 22:18:15 : isPortInterface: 0
MIG: 22:18:15 : isPortInterface: 0
MIG: 22:18:15 : isPortInterface: 0
MIG: 22:18:15 : isPortInterface: 0
MIG: 22:18:15 : isPortInterface: 0
MIG: 22:18:15 : isPortInterface: 0
MIG: 22:18:15 : isPortInterface: 0
MIG: 22:18:15 : isPortInterface: 0
MIG: 22:18:15 : isPortInterface: 0
MIG: 22:18:15 : isPortInterface: 0
MIG: 22:18:15 : isPortInterface: 0
MIG: 22:18:15 : isPortInterface: 0
MIG: 22:18:15 : isPortInterface: 0
MIG: 22:18:15 : isPortInterface: 0
MIG: 22:18:15 : isPortInterface: 0
MIG: 22:18:15 : isPortInterface: 0
MIG: 22:18:15 : isPortInterface: 0
MIG: 22:18:15 : isPortInterface: 0
MIG: 22:18:15 : isPortInterface: 0
MIG: 22:18:15 : isPortInterface: 0
MIG: 22:18:15 : isPortInterface: 0
MIG: 22:18:15 : isPortInterface: 0
MIG: 22:18:15 : isPortInterface: 0
MIG: 22:18:15 : isPortInterface: 0
MIG: 22:18:15 : isPortInterface: 0
MIG: 22:18:15 : isPortInterface: 0
MIG: 22:18:15 : isPortInterface: 0
MIG: 22:18:15 : isPortInterface: 0
MIG: 22:18:15 : isPortInterface: 0
MIG: 22:18:15 : isPortInterface: 0
MIG: 22:18:15 : isPortInterface: 0
MIG: 22:18:15 : isPortInterface: 0
MIG: 22:18:15 : isPortInterface: 0
MIG: 22:18:15 : isPortInterface: 0
MIG: 22:18:15 : isPortInterface: 0
MIG: 22:18:15 : isPortInterface: 0
MIG: 22:18:15 : isPortInterface: 0
MIG: 22:18:15 : isPortInterface: 0
MIG: 22:18:15 : isPortInterface: 1
MIG: 22:18:15 : isPortInterface: 0
MIG: 22:18:15 : isPortInterface: 0
MIG: 22:18:15 : isPortInterface: 0
MIG: 22:18:15 : isPortInterface: 0
MIG: 22:18:15 : isPortInterface: 0
MIG: 22:18:15 : isPortInterface: 0
MIG: 22:18:15 : isPortInterface: 0
MIG: 22:18:15 : isPortInterface: 0
MIG: 22:18:15 : isPortInterface: 0
MIG: 22:18:15 : isPortInterface: 0
MIG: 22:18:15 :  locked false  
MIG: 22:18:15 : HDL Language: Verilog
MIG: 22:18:15 : compInfo: false
MIG: 22:18:15 : Vivado Options xc7a200t sbg484 -1
MIG: 22:18:15 : 1: xc7a200t 2: sbg484 3: -1
MIG: 22:18:15 : relative mig path: coregen/ip/xilinx/other/com/xilinx/ip/mig_7series_v4_0/bin/nt64/mig.exe
MIG: 22:18:15 : xilinx_path: C:/Xilinx/Vivado/2017.2/ids_lite/ISE
MIG: 22:18:15 : I am in catch area
MIG: 22:18:16 : Running C:/Xilinx/Vivado/2017.2/ids_lite/ISE/coregen/ip/xilinx/other/com/xilinx/ip/mig_7series_v4_0/bin/nt64/mig.exe -cg_exc_inp c:/Xilinx/ECE532/ethernet_tutorial/ethernet_tutorial.srcs/sources_1/bd/design_1/ip/design_1_mig_7series_0_0/xil_txt.in -cg_exc_out c:/Xilinx/ECE532/ethernet_tutorial/ethernet_tutorial.srcs/sources_1/bd/design_1/ip/design_1_mig_7series_0_0/xil_txt.out ... 
MIG: 22:18:27 : XML_INPUT_FILE: c:/Xilinx/ECE532/ethernet_tutorial/ethernet_tutorial.srcs/sources_1/bd/design_1/ip/design_1_mig_7series_0_0/board.prj
MIG: 22:18:27 : Component_Name: design_1_mig_7series_0_0
MIG: 22:18:27 : Moving design_1_mig_7series_0_0 ...
MIG: 22:18:28 : Moving design_1_mig_7series_0_0.veo ...
MIG: 22:18:28 : Moving design_1_mig_7series_0_0_xmdf.tcl ...
MIG: 22:18:28 : Running implementation.xit
MIG: 22:18:28 : IGN:     <ModuleName>system_mig_7series_0_0</ModuleName> <==>     <ModuleName>design_1_mig_7series_0_0</ModuleName> 
MIG: 22:18:28 : ERR:     <Version>2.1</Version> <==>     <Version>4.0</Version> 
MIG: 22:18:28 : ################# RUNNING MIG BATCH ###################
MIG: 22:18:28 : Writing IN file for 'design_1_mig_7series_0_0'...compDirPath: c:/Xilinx/Vivado/2017.2/data/ip/xilinx/mig_7series_v4_0... instDirPath: c:/Xilinx/ECE532/ethernet_tutorial/ethernet_tutorial.srcs/sources_1/bd/design_1/ip/design_1_mig_7series_0_0
MIG: 22:18:28 : synp_flow:  -- synthesis_mode: Other
MIG: 22:18:28 : outputDirectory: c:/Xilinx/ECE532/ethernet_tutorial/ethernet_tutorial.srcs/sources_1/bd/design_1/ip/design_1_mig_7series_0_0/_tmp/
MIG: 22:18:28 : vivado_mode: xpg_bd
MIG: 22:18:28 : isPortInterface: 0
MIG: 22:18:28 : isPortInterface: 0
MIG: 22:18:28 : isPortInterface: 0
MIG: 22:18:28 : isPortInterface: 0
MIG: 22:18:28 : isPortInterface: 0
MIG: 22:18:28 : isPortInterface: 0
MIG: 22:18:28 : isPortInterface: 0
MIG: 22:18:28 : isPortInterface: 0
MIG: 22:18:28 : isPortInterface: 0
MIG: 22:18:28 : isPortInterface: 0
MIG: 22:18:28 : isPortInterface: 0
MIG: 22:18:28 : isPortInterface: 0
MIG: 22:18:28 : isPortInterface: 0
MIG: 22:18:28 : isPortInterface: 0
MIG: 22:18:28 : isPortInterface: 0
MIG: 22:18:28 : isPortInterface: 0
MIG: 22:18:28 : isPortInterface: 0
MIG: 22:18:28 : isPortInterface: 0
MIG: 22:18:28 : isPortInterface: 0
MIG: 22:18:28 : isPortInterface: 0
MIG: 22:18:28 : isPortInterface: 0
MIG: 22:18:28 : isPortInterface: 0
MIG: 22:18:28 : isPortInterface: 0
MIG: 22:18:28 : isPortInterface: 0
MIG: 22:18:28 : isPortInterface: 0
MIG: 22:18:28 : isPortInterface: 0
MIG: 22:18:28 : isPortInterface: 0
MIG: 22:18:28 : isPortInterface: 0
MIG: 22:18:28 : isPortInterface: 0
MIG: 22:18:28 : isPortInterface: 0
MIG: 22:18:28 : isPortInterface: 0
MIG: 22:18:28 : isPortInterface: 0
MIG: 22:18:28 : isPortInterface: 0
MIG: 22:18:28 : isPortInterface: 0
MIG: 22:18:28 : isPortInterface: 0
MIG: 22:18:28 : isPortInterface: 0
MIG: 22:18:28 : isPortInterface: 0
MIG: 22:18:28 : isPortInterface: 0
MIG: 22:18:28 : isPortInterface: 0
MIG: 22:18:28 : isPortInterface: 0
MIG: 22:18:28 : isPortInterface: 0
MIG: 22:18:28 : isPortInterface: 0
MIG: 22:18:28 : isPortInterface: 0
MIG: 22:18:28 : isPortInterface: 0
MIG: 22:18:28 : isPortInterface: 0
MIG: 22:18:28 : isPortInterface: 0
MIG: 22:18:28 : isPortInterface: 0
MIG: 22:18:28 : isPortInterface: 0
MIG: 22:18:28 : isPortInterface: 0
MIG: 22:18:28 : isPortInterface: 0
MIG: 22:18:28 : isPortInterface: 0
MIG: 22:18:28 : isPortInterface: 0
MIG: 22:18:28 : isPortInterface: 0
MIG: 22:18:28 : isPortInterface: 0
MIG: 22:18:28 : isPortInterface: 0
MIG: 22:18:28 : isPortInterface: 0
MIG: 22:18:28 : isPortInterface: 0
MIG: 22:18:28 : isPortInterface: 0
MIG: 22:18:28 : isPortInterface: 0
MIG: 22:18:28 : isPortInterface: 0
MIG: 22:18:28 : isPortInterface: 0
MIG: 22:18:28 : isPortInterface: 0
MIG: 22:18:28 : isPortInterface: 0
MIG: 22:18:28 : isPortInterface: 0
MIG: 22:18:28 : isPortInterface: 0
MIG: 22:18:28 : isPortInterface: 0
MIG: 22:18:28 : isPortInterface: 0
MIG: 22:18:28 : isPortInterface: 0
MIG: 22:18:28 : isPortInterface: 0
MIG: 22:18:28 : isPortInterface: 0
MIG: 22:18:28 : isPortInterface: 0
MIG: 22:18:28 : isPortInterface: 0
MIG: 22:18:28 : isPortInterface: 0
MIG: 22:18:28 : isPortInterface: 0
MIG: 22:18:28 : isPortInterface: 0
MIG: 22:18:28 : isPortInterface: 0
MIG: 22:18:28 : isPortInterface: 0
MIG: 22:18:28 : isPortInterface: 0
MIG: 22:18:28 : isPortInterface: 0
MIG: 22:18:28 : isPortInterface: 0
MIG: 22:18:28 : isPortInterface: 0
MIG: 22:18:28 : isPortInterface: 0
MIG: 22:18:28 : isPortInterface: 0
MIG: 22:18:28 : isPortInterface: 0
MIG: 22:18:28 : isPortInterface: 0
MIG: 22:18:28 : isPortInterface: 0
MIG: 22:18:28 : isPortInterface: 0
MIG: 22:18:28 : isPortInterface: 0
MIG: 22:18:28 : isPortInterface: 0
MIG: 22:18:28 : isPortInterface: 0
MIG: 22:18:28 : isPortInterface: 0
MIG: 22:18:28 : isPortInterface: 0
MIG: 22:18:28 : isPortInterface: 0
MIG: 22:18:28 : isPortInterface: 0
MIG: 22:18:28 : isPortInterface: 0
MIG: 22:18:28 : isPortInterface: 0
MIG: 22:18:28 : isPortInterface: 0
MIG: 22:18:28 : isPortInterface: 0
MIG: 22:18:28 : isPortInterface: 0
MIG: 22:18:28 : isPortInterface: 0
MIG: 22:18:28 : isPortInterface: 0
MIG: 22:18:28 : isPortInterface: 0
MIG: 22:18:28 : isPortInterface: 0
MIG: 22:18:28 : isPortInterface: 0
MIG: 22:18:28 : isPortInterface: 0
MIG: 22:18:28 : isPortInterface: 0
MIG: 22:18:28 : isPortInterface: 0
MIG: 22:18:28 : isPortInterface: 0
MIG: 22:18:28 : isPortInterface: 0
MIG: 22:18:28 : isPortInterface: 0
MIG: 22:18:28 : isPortInterface: 0
MIG: 22:18:28 : isPortInterface: 0
MIG: 22:18:28 : isPortInterface: 0
MIG: 22:18:28 : isPortInterface: 0
MIG: 22:18:28 : isPortInterface: 0
MIG: 22:18:28 : isPortInterface: 0
MIG: 22:18:28 : isPortInterface: 0
MIG: 22:18:28 : isPortInterface: 0
MIG: 22:18:28 : isPortInterface: 0
MIG: 22:18:28 : isPortInterface: 0
MIG: 22:18:28 : isPortInterface: 0
MIG: 22:18:28 : isPortInterface: 0
MIG: 22:18:28 : isPortInterface: 1
MIG: 22:18:28 : isPortInterface: 0
MIG: 22:18:28 : isPortInterface: 0
MIG: 22:18:29 : isPortInterface: 0
MIG: 22:18:29 : isPortInterface: 0
MIG: 22:18:29 : isPortInterface: 0
MIG: 22:18:29 : isPortInterface: 0
MIG: 22:18:29 : isPortInterface: 0
MIG: 22:18:29 : isPortInterface: 0
MIG: 22:18:29 : isPortInterface: 0
MIG: 22:18:29 : isPortInterface: 0
MIG: 22:18:29 :  locked false  
MIG: 22:18:29 : HDL Language: Verilog
MIG: 22:18:29 : compInfo: false
MIG: 22:18:29 : Vivado Options xc7a200t sbg484 -1
MIG: 22:18:29 : 1: xc7a200t 2: sbg484 3: -1
MIG: 22:18:29 : relative mig path: coregen/ip/xilinx/other/com/xilinx/ip/mig_7series_v4_0/bin/nt64/mig.exe
MIG: 22:18:29 : xilinx_path: C:/Xilinx/Vivado/2017.2/ids_lite/ISE
MIG: 22:18:29 : I am in catch area
MIG: 22:18:29 : Running C:/Xilinx/Vivado/2017.2/ids_lite/ISE/coregen/ip/xilinx/other/com/xilinx/ip/mig_7series_v4_0/bin/nt64/mig.exe -cg_exc_inp c:/Xilinx/ECE532/ethernet_tutorial/ethernet_tutorial.srcs/sources_1/bd/design_1/ip/design_1_mig_7series_0_0/xil_txt.in -cg_exc_out c:/Xilinx/ECE532/ethernet_tutorial/ethernet_tutorial.srcs/sources_1/bd/design_1/ip/design_1_mig_7series_0_0/xil_txt.out ... 
MIG: 22:18:41 : XML_INPUT_FILE: c:/Xilinx/ECE532/ethernet_tutorial/ethernet_tutorial.srcs/sources_1/bd/design_1/ip/design_1_mig_7series_0_0/board.prj
MIG: 22:18:41 : Component_Name: design_1_mig_7series_0_0
MIG: 22:18:41 : Moving design_1_mig_7series_0_0 ...
MIG: 22:18:41 : Moving design_1_mig_7series_0_0.veo ...
MIG: 22:18:41 : Moving design_1_mig_7series_0_0_xmdf.tcl ...
